2025-11-01T05:20:57.417+09:00  INFO 9206 --- [main] c.c.s.c.CouponAdminApplication           : Starting CouponAdminApplication using Java 17.0.16 with PID 9206 (/Users/psh/Downloads/coupon-admin/build/classes/java/main started by psh in /Users/psh/Downloads/coupon-admin)
2025-11-01T05:20:57.422+09:00  INFO 9206 --- [main] c.c.s.c.CouponAdminApplication           : The following 1 profile is active: "dev"
2025-11-01T05:20:57.642+09:00  INFO 9206 --- [main] .s.d.r.c.RepositoryConfigurationDelegate : Bootstrapping Spring Data JPA repositories in DEFAULT mode.
2025-11-01T05:20:57.662+09:00  INFO 9206 --- [main] .s.d.r.c.RepositoryConfigurationDelegate : Finished Spring Data repository scanning in 16 ms. Found 3 JPA repository interfaces.
2025-11-01T05:20:57.842+09:00  INFO 9206 --- [main] o.s.b.w.embedded.tomcat.TomcatWebServer  : Tomcat initialized with port 8080 (http)
2025-11-01T05:20:57.847+09:00  INFO 9206 --- [main] o.apache.catalina.core.StandardService   : Starting service [Tomcat]
2025-11-01T05:20:57.847+09:00  INFO 9206 --- [main] o.apache.catalina.core.StandardEngine    : Starting Servlet engine: [Apache Tomcat/10.1.46]
2025-11-01T05:20:57.865+09:00  INFO 9206 --- [main] o.a.c.c.C.[Tomcat].[localhost].[/]       : Initializing Spring embedded WebApplicationContext
2025-11-01T05:20:57.865+09:00  INFO 9206 --- [main] w.s.c.ServletWebServerApplicationContext : Root WebApplicationContext: initialization completed in 427 ms
2025-11-01T05:20:57.932+09:00  INFO 9206 --- [main] o.hibernate.jpa.internal.util.LogHelper  : HHH000204: Processing PersistenceUnitInfo [name: default]
2025-11-01T05:20:57.944+09:00  INFO 9206 --- [main] org.hibernate.Version                    : HHH000412: Hibernate ORM core version 6.6.29.Final
2025-11-01T05:20:57.954+09:00  INFO 9206 --- [main] o.h.c.internal.RegionFactoryInitiator    : HHH000026: Second-level cache disabled
2025-11-01T05:20:58.032+09:00  INFO 9206 --- [main] o.s.o.j.p.SpringPersistenceUnitInfo      : No LoadTimeWeaver setup: ignoring JPA class transformer
2025-11-01T05:20:58.041+09:00  INFO 9206 --- [main] com.zaxxer.hikari.HikariDataSource       : HikariPool-1 - Starting...
2025-11-01T05:20:58.162+09:00  INFO 9206 --- [main] com.zaxxer.hikari.pool.HikariPool        : HikariPool-1 - Added connection com.mysql.cj.jdbc.ConnectionImpl@d7055be
2025-11-01T05:20:58.162+09:00  INFO 9206 --- [main] com.zaxxer.hikari.HikariDataSource       : HikariPool-1 - Start completed.
2025-11-01T05:20:58.187+09:00  WARN 9206 --- [main] org.hibernate.orm.deprecation            : HHH90000025: MySQL8Dialect does not need to be specified explicitly using 'hibernate.dialect' (remove the property setting and it will be selected by default)
2025-11-01T05:20:58.188+09:00  WARN 9206 --- [main] org.hibernate.orm.deprecation            : HHH90000026: MySQL8Dialect has been deprecated; use org.hibernate.dialect.MySQLDialect instead
2025-11-01T05:20:58.194+09:00  INFO 9206 --- [main] org.hibernate.orm.connections.pooling    : HHH10001005: Database info:
	Database JDBC URL [Connecting through datasource 'HikariDataSource (HikariPool-1)']
	Database driver: undefined/unknown
	Database version: 8.0
	Autocommit mode: undefined/unknown
	Isolation level: undefined/unknown
	Minimum pool size: undefined/unknown
	Maximum pool size: undefined/unknown
2025-11-01T05:20:58.445+09:00  INFO 9206 --- [main] o.h.e.t.j.p.i.JtaPlatformInitiator       : HHH000489: No JTA platform available (set 'hibernate.transaction.jta.platform' to enable JTA platform integration)
2025-11-01T05:20:58.446+09:00  INFO 9206 --- [main] j.LocalContainerEntityManagerFactoryBean : Initialized JPA EntityManagerFactory for persistence unit 'default'
2025-11-01T05:20:58.583+09:00  WARN 9206 --- [main] JpaBaseConfiguration$JpaWebConfiguration : spring.jpa.open-in-view is enabled by default. Therefore, database queries may be performed during view rendering. Explicitly configure spring.jpa.open-in-view to disable this warning
2025-11-01T05:20:58.593+09:00  INFO 9206 --- [main] o.s.b.a.w.s.WelcomePageHandlerMapping    : Adding welcome page: class path resource [static/index.html]
2025-11-01T05:20:58.654+09:00  WARN 9206 --- [main] .s.s.UserDetailsServiceAutoConfiguration : 

Using generated security password: 3b1fb320-272f-461d-9256-a377527a4f22

This generated password is for development use only. Your security configuration must be updated before running your application in production.

2025-11-01T05:20:58.656+09:00  INFO 9206 --- [main] r$InitializeUserDetailsManagerConfigurer : Global AuthenticationManager configured with UserDetailsService bean with name inMemoryUserDetailsManager
2025-11-01T05:20:58.760+09:00  INFO 9206 --- [main] o.s.b.w.embedded.tomcat.TomcatWebServer  : Tomcat started on port 8080 (http) with context path '/'
2025-11-01T05:20:58.764+09:00  INFO 9206 --- [main] c.c.s.c.CouponAdminApplication           : Started CouponAdminApplication in 1.519 seconds (process running for 1.623)
2025-11-01T05:21:50.008+09:00  INFO 9206 --- [http-nio-8080-exec-2] o.a.c.c.C.[Tomcat].[localhost].[/]       : Initializing Spring DispatcherServlet 'dispatcherServlet'
2025-11-01T05:21:50.008+09:00  INFO 9206 --- [http-nio-8080-exec-2] o.s.web.servlet.DispatcherServlet        : Initializing Servlet 'dispatcherServlet'
2025-11-01T05:21:50.009+09:00  INFO 9206 --- [http-nio-8080-exec-2] o.s.web.servlet.DispatcherServlet        : Completed initialization in 1 ms
2025-11-01T06:06:27.712+09:00  INFO 9206 --- [SpringApplicationShutdownHook] o.s.b.w.e.tomcat.GracefulShutdown        : Commencing graceful shutdown. Waiting for active requests to complete
2025-11-01T06:06:27.715+09:00  INFO 9206 --- [tomcat-shutdown] o.s.b.w.e.tomcat.GracefulShutdown        : Graceful shutdown complete
2025-11-01T06:06:27.720+09:00  INFO 9206 --- [SpringApplicationShutdownHook] j.LocalContainerEntityManagerFactoryBean : Closing JPA EntityManagerFactory for persistence unit 'default'
2025-11-01T06:06:27.722+09:00  INFO 9206 --- [SpringApplicationShutdownHook] com.zaxxer.hikari.HikariDataSource       : HikariPool-1 - Shutdown initiated...
2025-11-01T06:06:27.725+09:00  INFO 9206 --- [SpringApplicationShutdownHook] com.zaxxer.hikari.HikariDataSource       : HikariPool-1 - Shutdown completed.
2025-11-01T06:06:29.581+09:00  INFO 10018 --- [main] c.c.s.c.CouponAdminApplication           : Starting CouponAdminApplication using Java 17.0.16 with PID 10018 (/Users/psh/Downloads/coupon-admin/build/classes/java/main started by psh in /Users/psh/Downloads/coupon-admin)
2025-11-01T06:06:29.582+09:00  INFO 10018 --- [main] c.c.s.c.CouponAdminApplication           : The following 1 profile is active: "dev"
2025-11-01T06:06:29.819+09:00  INFO 10018 --- [main] .s.d.r.c.RepositoryConfigurationDelegate : Bootstrapping Spring Data JPA repositories in DEFAULT mode.
2025-11-01T06:06:29.842+09:00  INFO 10018 --- [main] .s.d.r.c.RepositoryConfigurationDelegate : Finished Spring Data repository scanning in 19 ms. Found 3 JPA repository interfaces.
2025-11-01T06:06:30.043+09:00  INFO 10018 --- [main] o.s.b.w.embedded.tomcat.TomcatWebServer  : Tomcat initialized with port 8080 (http)
2025-11-01T06:06:30.048+09:00  INFO 10018 --- [main] o.apache.catalina.core.StandardService   : Starting service [Tomcat]
2025-11-01T06:06:30.048+09:00  INFO 10018 --- [main] o.apache.catalina.core.StandardEngine    : Starting Servlet engine: [Apache Tomcat/10.1.46]
2025-11-01T06:06:30.066+09:00  INFO 10018 --- [main] o.a.c.c.C.[Tomcat].[localhost].[/]       : Initializing Spring embedded WebApplicationContext
2025-11-01T06:06:30.066+09:00  INFO 10018 --- [main] w.s.c.ServletWebServerApplicationContext : Root WebApplicationContext: initialization completed in 467 ms
2025-11-01T06:06:30.141+09:00  INFO 10018 --- [main] o.hibernate.jpa.internal.util.LogHelper  : HHH000204: Processing PersistenceUnitInfo [name: default]
2025-11-01T06:06:30.158+09:00  INFO 10018 --- [main] org.hibernate.Version                    : HHH000412: Hibernate ORM core version 6.6.29.Final
2025-11-01T06:06:30.167+09:00  INFO 10018 --- [main] o.h.c.internal.RegionFactoryInitiator    : HHH000026: Second-level cache disabled
2025-11-01T06:06:30.256+09:00  INFO 10018 --- [main] o.s.o.j.p.SpringPersistenceUnitInfo      : No LoadTimeWeaver setup: ignoring JPA class transformer
2025-11-01T06:06:30.265+09:00  INFO 10018 --- [main] com.zaxxer.hikari.HikariDataSource       : HikariPool-1 - Starting...
2025-11-01T06:06:30.380+09:00  INFO 10018 --- [main] com.zaxxer.hikari.pool.HikariPool        : HikariPool-1 - Added connection com.mysql.cj.jdbc.ConnectionImpl@3ba46845
2025-11-01T06:06:30.380+09:00  INFO 10018 --- [main] com.zaxxer.hikari.HikariDataSource       : HikariPool-1 - Start completed.
2025-11-01T06:06:30.398+09:00  WARN 10018 --- [main] org.hibernate.orm.deprecation            : HHH90000025: MySQL8Dialect does not need to be specified explicitly using 'hibernate.dialect' (remove the property setting and it will be selected by default)
2025-11-01T06:06:30.398+09:00  WARN 10018 --- [main] org.hibernate.orm.deprecation            : HHH90000026: MySQL8Dialect has been deprecated; use org.hibernate.dialect.MySQLDialect instead
2025-11-01T06:06:30.405+09:00  INFO 10018 --- [main] org.hibernate.orm.connections.pooling    : HHH10001005: Database info:
	Database JDBC URL [Connecting through datasource 'HikariDataSource (HikariPool-1)']
	Database driver: undefined/unknown
	Database version: 8.0
	Autocommit mode: undefined/unknown
	Isolation level: undefined/unknown
	Minimum pool size: undefined/unknown
	Maximum pool size: undefined/unknown
2025-11-01T06:06:30.686+09:00  INFO 10018 --- [main] o.h.e.t.j.p.i.JtaPlatformInitiator       : HHH000489: No JTA platform available (set 'hibernate.transaction.jta.platform' to enable JTA platform integration)
2025-11-01T06:06:30.687+09:00  INFO 10018 --- [main] j.LocalContainerEntityManagerFactoryBean : Initialized JPA EntityManagerFactory for persistence unit 'default'
2025-11-01T06:06:30.833+09:00  WARN 10018 --- [main] JpaBaseConfiguration$JpaWebConfiguration : spring.jpa.open-in-view is enabled by default. Therefore, database queries may be performed during view rendering. Explicitly configure spring.jpa.open-in-view to disable this warning
2025-11-01T06:06:30.849+09:00  INFO 10018 --- [main] o.s.b.a.w.s.WelcomePageHandlerMapping    : Adding welcome page: class path resource [static/index.html]
2025-11-01T06:06:30.914+09:00  WARN 10018 --- [main] .s.s.UserDetailsServiceAutoConfiguration : 

Using generated security password: 74e99d35-19fb-4da0-8c5f-bc75bb928bd8

This generated password is for development use only. Your security configuration must be updated before running your application in production.

2025-11-01T06:06:30.917+09:00  INFO 10018 --- [main] r$InitializeUserDetailsManagerConfigurer : Global AuthenticationManager configured with UserDetailsService bean with name inMemoryUserDetailsManager
2025-11-01T06:06:31.021+09:00  INFO 10018 --- [main] o.s.b.w.embedded.tomcat.TomcatWebServer  : Tomcat started on port 8080 (http) with context path '/'
2025-11-01T06:06:31.025+09:00  INFO 10018 --- [main] c.c.s.c.CouponAdminApplication           : Started CouponAdminApplication in 1.624 seconds (process running for 1.735)
2025-11-01T06:36:23.955+09:00  INFO 10018 --- [SpringApplicationShutdownHook] o.s.b.w.e.tomcat.GracefulShutdown        : Commencing graceful shutdown. Waiting for active requests to complete
2025-11-01T06:36:23.963+09:00  INFO 10018 --- [tomcat-shutdown] o.s.b.w.e.tomcat.GracefulShutdown        : Graceful shutdown complete
2025-11-01T06:36:23.967+09:00  INFO 10018 --- [SpringApplicationShutdownHook] j.LocalContainerEntityManagerFactoryBean : Closing JPA EntityManagerFactory for persistence unit 'default'
2025-11-01T06:36:23.969+09:00  INFO 10018 --- [SpringApplicationShutdownHook] com.zaxxer.hikari.HikariDataSource       : HikariPool-1 - Shutdown initiated...
2025-11-01T06:36:23.971+09:00  INFO 10018 --- [SpringApplicationShutdownHook] com.zaxxer.hikari.HikariDataSource       : HikariPool-1 - Shutdown completed.
2025-11-01T06:36:25.001+09:00  INFO 10401 --- [main] c.c.s.c.CouponAdminApplication           : Starting CouponAdminApplication using Java 17.0.16 with PID 10401 (/Users/psh/Downloads/coupon-admin/build/classes/java/main started by psh in /Users/psh/Downloads/coupon-admin)
2025-11-01T06:36:25.002+09:00  INFO 10401 --- [main] c.c.s.c.CouponAdminApplication           : The following 1 profile is active: "dev"
2025-11-01T06:36:25.230+09:00  INFO 10401 --- [main] .s.d.r.c.RepositoryConfigurationDelegate : Bootstrapping Spring Data JPA repositories in DEFAULT mode.
2025-11-01T06:36:25.250+09:00  INFO 10401 --- [main] .s.d.r.c.RepositoryConfigurationDelegate : Finished Spring Data repository scanning in 16 ms. Found 3 JPA repository interfaces.
2025-11-01T06:36:25.430+09:00  INFO 10401 --- [main] o.s.b.w.embedded.tomcat.TomcatWebServer  : Tomcat initialized with port 8080 (http)
2025-11-01T06:36:25.434+09:00  INFO 10401 --- [main] o.apache.catalina.core.StandardService   : Starting service [Tomcat]
2025-11-01T06:36:25.434+09:00  INFO 10401 --- [main] o.apache.catalina.core.StandardEngine    : Starting Servlet engine: [Apache Tomcat/10.1.46]
2025-11-01T06:36:25.451+09:00  INFO 10401 --- [main] o.a.c.c.C.[Tomcat].[localhost].[/]       : Initializing Spring embedded WebApplicationContext
2025-11-01T06:36:25.451+09:00  INFO 10401 --- [main] w.s.c.ServletWebServerApplicationContext : Root WebApplicationContext: initialization completed in 435 ms
2025-11-01T06:36:25.510+09:00  INFO 10401 --- [main] o.hibernate.jpa.internal.util.LogHelper  : HHH000204: Processing PersistenceUnitInfo [name: default]
2025-11-01T06:36:25.524+09:00  INFO 10401 --- [main] org.hibernate.Version                    : HHH000412: Hibernate ORM core version 6.6.29.Final
2025-11-01T06:36:25.533+09:00  INFO 10401 --- [main] o.h.c.internal.RegionFactoryInitiator    : HHH000026: Second-level cache disabled
2025-11-01T06:36:25.610+09:00  INFO 10401 --- [main] o.s.o.j.p.SpringPersistenceUnitInfo      : No LoadTimeWeaver setup: ignoring JPA class transformer
2025-11-01T06:36:25.618+09:00  INFO 10401 --- [main] com.zaxxer.hikari.HikariDataSource       : HikariPool-1 - Starting...
2025-11-01T06:36:25.730+09:00  INFO 10401 --- [main] com.zaxxer.hikari.pool.HikariPool        : HikariPool-1 - Added connection com.mysql.cj.jdbc.ConnectionImpl@5fa5c8cf
2025-11-01T06:36:25.731+09:00  INFO 10401 --- [main] com.zaxxer.hikari.HikariDataSource       : HikariPool-1 - Start completed.
2025-11-01T06:36:25.749+09:00  WARN 10401 --- [main] org.hibernate.orm.deprecation            : HHH90000025: MySQL8Dialect does not need to be specified explicitly using 'hibernate.dialect' (remove the property setting and it will be selected by default)
2025-11-01T06:36:25.750+09:00  WARN 10401 --- [main] org.hibernate.orm.deprecation            : HHH90000026: MySQL8Dialect has been deprecated; use org.hibernate.dialect.MySQLDialect instead
2025-11-01T06:36:25.757+09:00  INFO 10401 --- [main] org.hibernate.orm.connections.pooling    : HHH10001005: Database info:
	Database JDBC URL [Connecting through datasource 'HikariDataSource (HikariPool-1)']
	Database driver: undefined/unknown
	Database version: 8.0
	Autocommit mode: undefined/unknown
	Isolation level: undefined/unknown
	Minimum pool size: undefined/unknown
	Maximum pool size: undefined/unknown
2025-11-01T06:36:26.020+09:00  INFO 10401 --- [main] o.h.e.t.j.p.i.JtaPlatformInitiator       : HHH000489: No JTA platform available (set 'hibernate.transaction.jta.platform' to enable JTA platform integration)
2025-11-01T06:36:26.021+09:00  INFO 10401 --- [main] j.LocalContainerEntityManagerFactoryBean : Initialized JPA EntityManagerFactory for persistence unit 'default'
2025-11-01T06:36:26.155+09:00  WARN 10401 --- [main] JpaBaseConfiguration$JpaWebConfiguration : spring.jpa.open-in-view is enabled by default. Therefore, database queries may be performed during view rendering. Explicitly configure spring.jpa.open-in-view to disable this warning
2025-11-01T06:36:26.166+09:00  INFO 10401 --- [main] o.s.b.a.w.s.WelcomePageHandlerMapping    : Adding welcome page: class path resource [static/index.html]
2025-11-01T06:36:26.226+09:00  WARN 10401 --- [main] .s.s.UserDetailsServiceAutoConfiguration : 

Using generated security password: b0e50763-4deb-4f7f-a53d-1192be91bbf6

This generated password is for development use only. Your security configuration must be updated before running your application in production.

2025-11-01T06:36:26.228+09:00  INFO 10401 --- [main] r$InitializeUserDetailsManagerConfigurer : Global AuthenticationManager configured with UserDetailsService bean with name inMemoryUserDetailsManager
2025-11-01T06:36:26.328+09:00  INFO 10401 --- [main] o.s.b.w.embedded.tomcat.TomcatWebServer  : Tomcat started on port 8080 (http) with context path '/'
2025-11-01T06:36:26.332+09:00  INFO 10401 --- [main] c.c.s.c.CouponAdminApplication           : Started CouponAdminApplication in 1.508 seconds (process running for 1.623)
2025-11-01T06:36:46.889+09:00  INFO 10401 --- [http-nio-8080-exec-1] o.a.c.c.C.[Tomcat].[localhost].[/]       : Initializing Spring DispatcherServlet 'dispatcherServlet'
2025-11-01T06:36:46.889+09:00  INFO 10401 --- [http-nio-8080-exec-1] o.s.web.servlet.DispatcherServlet        : Initializing Servlet 'dispatcherServlet'
2025-11-01T06:36:46.890+09:00  INFO 10401 --- [http-nio-8080-exec-1] o.s.web.servlet.DispatcherServlet        : Completed initialization in 1 ms
2025-11-01T10:41:27.472+09:00  WARN 10401 --- [HikariPool-1:housekeeper] com.zaxxer.hikari.pool.HikariPool        : HikariPool-1 - Thread starvation or clock leap detected (housekeeper delta=1h8m30s332ms).
2025-11-01T11:51:29.853+09:00  WARN 10401 --- [HikariPool-1:housekeeper] com.zaxxer.hikari.pool.HikariPool        : HikariPool-1 - Thread starvation or clock leap detected (housekeeper delta=1h10m2s381ms).
2025-11-01T13:07:43.520+09:00  WARN 10401 --- [HikariPool-1:housekeeper] com.zaxxer.hikari.pool.HikariPool        : HikariPool-1 - Thread starvation or clock leap detected (housekeeper delta=1h16m13s667ms).
2025-11-01T14:09:28.255+09:00  WARN 10401 --- [HikariPool-1:housekeeper] com.zaxxer.hikari.pool.HikariPool        : HikariPool-1 - Thread starvation or clock leap detected (housekeeper delta=1h1m44s735ms).
2025-11-01T14:59:05.138+09:00  WARN 10401 --- [HikariPool-1:housekeeper] com.zaxxer.hikari.pool.HikariPool        : HikariPool-1 - Thread starvation or clock leap detected (housekeeper delta=49m36s883ms).
2025-11-01T16:37:25.500+09:00  INFO 10401 --- [SpringApplicationShutdownHook] o.s.b.w.e.tomcat.GracefulShutdown        : Commencing graceful shutdown. Waiting for active requests to complete
2025-11-01T16:37:25.504+09:00  INFO 10401 --- [tomcat-shutdown] o.s.b.w.e.tomcat.GracefulShutdown        : Graceful shutdown complete
2025-11-01T16:37:25.508+09:00  INFO 10401 --- [SpringApplicationShutdownHook] j.LocalContainerEntityManagerFactoryBean : Closing JPA EntityManagerFactory for persistence unit 'default'
2025-11-01T16:37:25.510+09:00  INFO 10401 --- [SpringApplicationShutdownHook] com.zaxxer.hikari.HikariDataSource       : HikariPool-1 - Shutdown initiated...
2025-11-01T16:37:25.512+09:00  INFO 10401 --- [SpringApplicationShutdownHook] com.zaxxer.hikari.HikariDataSource       : HikariPool-1 - Shutdown completed.
2025-11-01T17:25:43.402+09:00  INFO 13368 --- [main] c.c.s.c.CouponAdminApplication           : Starting CouponAdminApplication using Java 17.0.16 with PID 13368 (/Users/psh/Downloads/coupon-admin/build/classes/java/main started by psh in /Users/psh/Downloads/coupon-admin)
2025-11-01T17:25:43.403+09:00  INFO 13368 --- [main] c.c.s.c.CouponAdminApplication           : The following 1 profile is active: "dev"
2025-11-01T17:25:43.654+09:00  INFO 13368 --- [main] .s.d.r.c.RepositoryConfigurationDelegate : Bootstrapping Spring Data JPA repositories in DEFAULT mode.
2025-11-01T17:25:43.674+09:00  INFO 13368 --- [main] .s.d.r.c.RepositoryConfigurationDelegate : Finished Spring Data repository scanning in 16 ms. Found 3 JPA repository interfaces.
2025-11-01T17:25:43.860+09:00  INFO 13368 --- [main] o.s.b.w.embedded.tomcat.TomcatWebServer  : Tomcat initialized with port 8080 (http)
2025-11-01T17:25:43.865+09:00  INFO 13368 --- [main] o.apache.catalina.core.StandardService   : Starting service [Tomcat]
2025-11-01T17:25:43.865+09:00  INFO 13368 --- [main] o.apache.catalina.core.StandardEngine    : Starting Servlet engine: [Apache Tomcat/10.1.46]
2025-11-01T17:25:43.882+09:00  INFO 13368 --- [main] o.a.c.c.C.[Tomcat].[localhost].[/]       : Initializing Spring embedded WebApplicationContext
2025-11-01T17:25:43.882+09:00  INFO 13368 --- [main] w.s.c.ServletWebServerApplicationContext : Root WebApplicationContext: initialization completed in 463 ms
2025-11-01T17:25:43.887+09:00 ERROR 13368 --- [main] o.s.b.web.embedded.tomcat.TomcatStarter  : Error starting Tomcat context. Exception: org.springframework.beans.factory.UnsatisfiedDependencyException. Message: Error creating bean with name 'jwtAuthenticationFilter' defined in file [/Users/psh/Downloads/coupon-admin/build/classes/java/main/com/coupon/system/couponadmin/security/JwtAuthenticationFilter.class]: Unsatisfied dependency expressed through constructor parameter 0: Error creating bean with name 'jwtTokenProvider' defined in file [/Users/psh/Downloads/coupon-admin/build/classes/java/main/com/coupon/system/couponadmin/security/JwtTokenProvider.class]: Unexpected exception during bean creation
2025-11-01T17:25:43.897+09:00  INFO 13368 --- [main] o.apache.catalina.core.StandardService   : Stopping service [Tomcat]
2025-11-01T17:25:43.901+09:00  WARN 13368 --- [main] ConfigServletWebServerApplicationContext : Exception encountered during context initialization - cancelling refresh attempt: org.springframework.context.ApplicationContextException: Unable to start web server
2025-11-01T17:25:43.905+09:00  INFO 13368 --- [main] .s.b.a.l.ConditionEvaluationReportLogger : 

Error starting ApplicationContext. To display the condition evaluation report re-run your application with 'debug' enabled.
2025-11-01T17:25:43.910+09:00 ERROR 13368 --- [main] o.s.boot.SpringApplication               : Application run failed

org.springframework.context.ApplicationContextException: Unable to start web server
	at org.springframework.boot.web.servlet.context.ServletWebServerApplicationContext.onRefresh(ServletWebServerApplicationContext.java:170) ~[spring-boot-3.5.6.jar:3.5.6]
	at org.springframework.context.support.AbstractApplicationContext.refresh(AbstractApplicationContext.java:621) ~[spring-context-6.2.11.jar:6.2.11]
	at org.springframework.boot.web.servlet.context.ServletWebServerApplicationContext.refresh(ServletWebServerApplicationContext.java:146) ~[spring-boot-3.5.6.jar:3.5.6]
	at org.springframework.boot.SpringApplication.refresh(SpringApplication.java:752) ~[spring-boot-3.5.6.jar:3.5.6]
	at org.springframework.boot.SpringApplication.refreshContext(SpringApplication.java:439) ~[spring-boot-3.5.6.jar:3.5.6]
	at org.springframework.boot.SpringApplication.run(SpringApplication.java:318) ~[spring-boot-3.5.6.jar:3.5.6]
	at org.springframework.boot.SpringApplication.run(SpringApplication.java:1361) ~[spring-boot-3.5.6.jar:3.5.6]
	at org.springframework.boot.SpringApplication.run(SpringApplication.java:1350) ~[spring-boot-3.5.6.jar:3.5.6]
	at com.coupon.system.couponadmin.CouponAdminApplication.main(CouponAdminApplication.java:12) ~[main/:na]
Caused by: org.springframework.boot.web.server.WebServerException: Unable to start embedded Tomcat
	at org.springframework.boot.web.embedded.tomcat.TomcatWebServer.initialize(TomcatWebServer.java:147) ~[spring-boot-3.5.6.jar:3.5.6]
	at org.springframework.boot.web.embedded.tomcat.TomcatWebServer.<init>(TomcatWebServer.java:107) ~[spring-boot-3.5.6.jar:3.5.6]
	at org.springframework.boot.web.embedded.tomcat.TomcatServletWebServerFactory.getTomcatWebServer(TomcatServletWebServerFactory.java:517) ~[spring-boot-3.5.6.jar:3.5.6]
	at org.springframework.boot.web.embedded.tomcat.TomcatServletWebServerFactory.getWebServer(TomcatServletWebServerFactory.java:219) ~[spring-boot-3.5.6.jar:3.5.6]
	at org.springframework.boot.web.servlet.context.ServletWebServerApplicationContext.createWebServer(ServletWebServerApplicationContext.java:193) ~[spring-boot-3.5.6.jar:3.5.6]
	at org.springframework.boot.web.servlet.context.ServletWebServerApplicationContext.onRefresh(ServletWebServerApplicationContext.java:167) ~[spring-boot-3.5.6.jar:3.5.6]
	... 8 common frames omitted
Caused by: org.springframework.beans.factory.UnsatisfiedDependencyException: Error creating bean with name 'jwtAuthenticationFilter' defined in file [/Users/psh/Downloads/coupon-admin/build/classes/java/main/com/coupon/system/couponadmin/security/JwtAuthenticationFilter.class]: Unsatisfied dependency expressed through constructor parameter 0: Error creating bean with name 'jwtTokenProvider' defined in file [/Users/psh/Downloads/coupon-admin/build/classes/java/main/com/coupon/system/couponadmin/security/JwtTokenProvider.class]: Unexpected exception during bean creation
	at org.springframework.beans.factory.support.ConstructorResolver.createArgumentArray(ConstructorResolver.java:804) ~[spring-beans-6.2.11.jar:6.2.11]
	at org.springframework.beans.factory.support.ConstructorResolver.autowireConstructor(ConstructorResolver.java:240) ~[spring-beans-6.2.11.jar:6.2.11]
	at org.springframework.beans.factory.support.AbstractAutowireCapableBeanFactory.autowireConstructor(AbstractAutowireCapableBeanFactory.java:1395) ~[spring-beans-6.2.11.jar:6.2.11]
	at org.springframework.beans.factory.support.AbstractAutowireCapableBeanFactory.createBeanInstance(AbstractAutowireCapableBeanFactory.java:1232) ~[spring-beans-6.2.11.jar:6.2.11]
	at org.springframework.beans.factory.support.AbstractAutowireCapableBeanFactory.doCreateBean(AbstractAutowireCapableBeanFactory.java:569) ~[spring-beans-6.2.11.jar:6.2.11]
	at org.springframework.beans.factory.support.AbstractAutowireCapableBeanFactory.createBean(AbstractAutowireCapableBeanFactory.java:529) ~[spring-beans-6.2.11.jar:6.2.11]
	at org.springframework.beans.factory.support.AbstractBeanFactory.lambda$doGetBean$0(AbstractBeanFactory.java:339) ~[spring-beans-6.2.11.jar:6.2.11]
	at org.springframework.beans.factory.support.DefaultSingletonBeanRegistry.getSingleton(DefaultSingletonBeanRegistry.java:373) ~[spring-beans-6.2.11.jar:6.2.11]
	at org.springframework.beans.factory.support.AbstractBeanFactory.doGetBean(AbstractBeanFactory.java:337) ~[spring-beans-6.2.11.jar:6.2.11]
	at org.springframework.beans.factory.support.AbstractBeanFactory.getBean(AbstractBeanFactory.java:207) ~[spring-beans-6.2.11.jar:6.2.11]
	at org.springframework.boot.web.servlet.ServletContextInitializerBeans.getOrderedBeansOfType(ServletContextInitializerBeans.java:230) ~[spring-boot-3.5.6.jar:3.5.6]
	at org.springframework.boot.web.servlet.ServletContextInitializerBeans.addAsRegistrationBean(ServletContextInitializerBeans.java:184) ~[spring-boot-3.5.6.jar:3.5.6]
	at org.springframework.boot.web.servlet.ServletContextInitializerBeans.addAsRegistrationBean(ServletContextInitializerBeans.java:179) ~[spring-boot-3.5.6.jar:3.5.6]
	at org.springframework.boot.web.servlet.ServletContextInitializerBeans.addAdaptableBeans(ServletContextInitializerBeans.java:164) ~[spring-boot-3.5.6.jar:3.5.6]
	at org.springframework.boot.web.servlet.ServletContextInitializerBeans.<init>(ServletContextInitializerBeans.java:96) ~[spring-boot-3.5.6.jar:3.5.6]
	at org.springframework.boot.web.servlet.context.ServletWebServerApplicationContext.getServletContextInitializerBeans(ServletWebServerApplicationContext.java:271) ~[spring-boot-3.5.6.jar:3.5.6]
	at org.springframework.boot.web.servlet.context.ServletWebServerApplicationContext.selfInitialize(ServletWebServerApplicationContext.java:245) ~[spring-boot-3.5.6.jar:3.5.6]
	at org.springframework.boot.web.embedded.tomcat.TomcatStarter.onStartup(TomcatStarter.java:52) ~[spring-boot-3.5.6.jar:3.5.6]
	at org.apache.catalina.core.StandardContext.startInternal(StandardContext.java:4464) ~[tomcat-embed-core-10.1.46.jar:10.1.46]
	at org.apache.catalina.util.LifecycleBase.start(LifecycleBase.java:164) ~[tomcat-embed-core-10.1.46.jar:10.1.46]
	at org.apache.catalina.core.ContainerBase$StartChild.call(ContainerBase.java:1203) ~[tomcat-embed-core-10.1.46.jar:10.1.46]
	at org.apache.catalina.core.ContainerBase$StartChild.call(ContainerBase.java:1193) ~[tomcat-embed-core-10.1.46.jar:10.1.46]
	at java.base/java.util.concurrent.FutureTask.run(FutureTask.java:264) ~[na:na]
	at org.apache.tomcat.util.threads.InlineExecutorService.execute(InlineExecutorService.java:81) ~[tomcat-embed-core-10.1.46.jar:10.1.46]
	at java.base/java.util.concurrent.AbstractExecutorService.submit(AbstractExecutorService.java:145) ~[na:na]
	at org.apache.catalina.core.ContainerBase.startInternal(ContainerBase.java:749) ~[tomcat-embed-core-10.1.46.jar:10.1.46]
	at org.apache.catalina.core.StandardHost.startInternal(StandardHost.java:773) ~[tomcat-embed-core-10.1.46.jar:10.1.46]
	at org.apache.catalina.util.LifecycleBase.start(LifecycleBase.java:164) ~[tomcat-embed-core-10.1.46.jar:10.1.46]
	at org.apache.catalina.core.ContainerBase$StartChild.call(ContainerBase.java:1203) ~[tomcat-embed-core-10.1.46.jar:10.1.46]
	at org.apache.catalina.core.ContainerBase$StartChild.call(ContainerBase.java:1193) ~[tomcat-embed-core-10.1.46.jar:10.1.46]
	at java.base/java.util.concurrent.FutureTask.run(FutureTask.java:264) ~[na:na]
	at org.apache.tomcat.util.threads.InlineExecutorService.execute(InlineExecutorService.java:81) ~[tomcat-embed-core-10.1.46.jar:10.1.46]
	at java.base/java.util.concurrent.AbstractExecutorService.submit(AbstractExecutorService.java:145) ~[na:na]
	at org.apache.catalina.core.ContainerBase.startInternal(ContainerBase.java:749) ~[tomcat-embed-core-10.1.46.jar:10.1.46]
	at org.apache.catalina.core.StandardEngine.startInternal(StandardEngine.java:203) ~[tomcat-embed-core-10.1.46.jar:10.1.46]
	at org.apache.catalina.util.LifecycleBase.start(LifecycleBase.java:164) ~[tomcat-embed-core-10.1.46.jar:10.1.46]
	at org.apache.catalina.core.StandardService.startInternal(StandardService.java:412) ~[tomcat-embed-core-10.1.46.jar:10.1.46]
	at org.apache.catalina.util.LifecycleBase.start(LifecycleBase.java:164) ~[tomcat-embed-core-10.1.46.jar:10.1.46]
	at org.apache.catalina.core.StandardServer.startInternal(StandardServer.java:870) ~[tomcat-embed-core-10.1.46.jar:10.1.46]
	at org.apache.catalina.util.LifecycleBase.start(LifecycleBase.java:164) ~[tomcat-embed-core-10.1.46.jar:10.1.46]
	at org.apache.catalina.startup.Tomcat.start(Tomcat.java:438) ~[tomcat-embed-core-10.1.46.jar:10.1.46]
	at org.springframework.boot.web.embedded.tomcat.TomcatWebServer.initialize(TomcatWebServer.java:128) ~[spring-boot-3.5.6.jar:3.5.6]
	... 13 common frames omitted
Caused by: org.springframework.beans.factory.BeanCreationException: Error creating bean with name 'jwtTokenProvider' defined in file [/Users/psh/Downloads/coupon-admin/build/classes/java/main/com/coupon/system/couponadmin/security/JwtTokenProvider.class]: Unexpected exception during bean creation
	at org.springframework.beans.factory.support.AbstractAutowireCapableBeanFactory.createBean(AbstractAutowireCapableBeanFactory.java:542) ~[spring-beans-6.2.11.jar:6.2.11]
	at org.springframework.beans.factory.support.AbstractBeanFactory.lambda$doGetBean$0(AbstractBeanFactory.java:339) ~[spring-beans-6.2.11.jar:6.2.11]
	at org.springframework.beans.factory.support.DefaultSingletonBeanRegistry.getSingleton(DefaultSingletonBeanRegistry.java:373) ~[spring-beans-6.2.11.jar:6.2.11]
	at org.springframework.beans.factory.support.AbstractBeanFactory.doGetBean(AbstractBeanFactory.java:337) ~[spring-beans-6.2.11.jar:6.2.11]
	at org.springframework.beans.factory.support.AbstractBeanFactory.getBean(AbstractBeanFactory.java:202) ~[spring-beans-6.2.11.jar:6.2.11]
	at org.springframework.beans.factory.support.DefaultListableBeanFactory.doResolveDependency(DefaultListableBeanFactory.java:1698) ~[spring-beans-6.2.11.jar:6.2.11]
	at org.springframework.beans.factory.support.DefaultListableBeanFactory.resolveDependency(DefaultListableBeanFactory.java:1643) ~[spring-beans-6.2.11.jar:6.2.11]
	at org.springframework.beans.factory.support.ConstructorResolver.resolveAutowiredArgument(ConstructorResolver.java:913) ~[spring-beans-6.2.11.jar:6.2.11]
	at org.springframework.beans.factory.support.ConstructorResolver.createArgumentArray(ConstructorResolver.java:791) ~[spring-beans-6.2.11.jar:6.2.11]
	... 54 common frames omitted
Caused by: org.springframework.util.PlaceholderResolutionException: Could not resolve placeholder 'jwt.secret-key' in value "${jwt.secret-key}"
	at org.springframework.util.PlaceholderResolutionException.withValue(PlaceholderResolutionException.java:81) ~[spring-core-6.2.11.jar:6.2.11]
	at org.springframework.util.PlaceholderParser$ParsedValue.resolve(PlaceholderParser.java:423) ~[spring-core-6.2.11.jar:6.2.11]
	at org.springframework.util.PlaceholderParser.replacePlaceholders(PlaceholderParser.java:128) ~[spring-core-6.2.11.jar:6.2.11]
	at org.springframework.util.PropertyPlaceholderHelper.parseStringValue(PropertyPlaceholderHelper.java:118) ~[spring-core-6.2.11.jar:6.2.11]
	at org.springframework.util.PropertyPlaceholderHelper.replacePlaceholders(PropertyPlaceholderHelper.java:114) ~[spring-core-6.2.11.jar:6.2.11]
	at org.springframework.core.env.AbstractPropertyResolver.doResolvePlaceholders(AbstractPropertyResolver.java:293) ~[spring-core-6.2.11.jar:6.2.11]
	at org.springframework.core.env.AbstractPropertyResolver.resolveRequiredPlaceholders(AbstractPropertyResolver.java:264) ~[spring-core-6.2.11.jar:6.2.11]
	at org.springframework.context.support.PropertySourcesPlaceholderConfigurer.lambda$processProperties$0(PropertySourcesPlaceholderConfigurer.java:186) ~[spring-context-6.2.11.jar:6.2.11]
	at org.springframework.beans.factory.support.AbstractBeanFactory.resolveEmbeddedValue(AbstractBeanFactory.java:970) ~[spring-beans-6.2.11.jar:6.2.11]
	at org.springframework.beans.factory.support.DefaultListableBeanFactory.doResolveDependency(DefaultListableBeanFactory.java:1665) ~[spring-beans-6.2.11.jar:6.2.11]
	at org.springframework.beans.factory.support.DefaultListableBeanFactory.resolveDependency(DefaultListableBeanFactory.java:1643) ~[spring-beans-6.2.11.jar:6.2.11]
	at org.springframework.beans.factory.support.ConstructorResolver.resolveAutowiredArgument(ConstructorResolver.java:913) ~[spring-beans-6.2.11.jar:6.2.11]
	at org.springframework.beans.factory.support.ConstructorResolver.createArgumentArray(ConstructorResolver.java:791) ~[spring-beans-6.2.11.jar:6.2.11]
	at org.springframework.beans.factory.support.ConstructorResolver.autowireConstructor(ConstructorResolver.java:240) ~[spring-beans-6.2.11.jar:6.2.11]
	at org.springframework.beans.factory.support.AbstractAutowireCapableBeanFactory.autowireConstructor(AbstractAutowireCapableBeanFactory.java:1395) ~[spring-beans-6.2.11.jar:6.2.11]
	at org.springframework.beans.factory.support.AbstractAutowireCapableBeanFactory.createBeanInstance(AbstractAutowireCapableBeanFactory.java:1232) ~[spring-beans-6.2.11.jar:6.2.11]
	at org.springframework.beans.factory.support.AbstractAutowireCapableBeanFactory.doCreateBean(AbstractAutowireCapableBeanFactory.java:569) ~[spring-beans-6.2.11.jar:6.2.11]
	at org.springframework.beans.factory.support.AbstractAutowireCapableBeanFactory.createBean(AbstractAutowireCapableBeanFactory.java:529) ~[spring-beans-6.2.11.jar:6.2.11]
	... 62 common frames omitted

2025-11-01T17:35:27.797+09:00  INFO 13466 --- [main] c.c.s.c.CouponAdminApplication           : Starting CouponAdminApplication using Java 17.0.16 with PID 13466 (/Users/psh/Downloads/coupon-admin/build/classes/java/main started by psh in /Users/psh/Downloads/coupon-admin)
2025-11-01T17:35:27.798+09:00  INFO 13466 --- [main] c.c.s.c.CouponAdminApplication           : The following 1 profile is active: "dev"
2025-11-01T17:35:28.086+09:00  INFO 13466 --- [main] .s.d.r.c.RepositoryConfigurationDelegate : Bootstrapping Spring Data JPA repositories in DEFAULT mode.
2025-11-01T17:35:28.109+09:00  INFO 13466 --- [main] .s.d.r.c.RepositoryConfigurationDelegate : Finished Spring Data repository scanning in 19 ms. Found 3 JPA repository interfaces.
2025-11-01T17:35:28.323+09:00  INFO 13466 --- [main] o.s.b.w.embedded.tomcat.TomcatWebServer  : Tomcat initialized with port 8080 (http)
2025-11-01T17:35:28.328+09:00  INFO 13466 --- [main] o.apache.catalina.core.StandardService   : Starting service [Tomcat]
2025-11-01T17:35:28.328+09:00  INFO 13466 --- [main] o.apache.catalina.core.StandardEngine    : Starting Servlet engine: [Apache Tomcat/10.1.46]
2025-11-01T17:35:28.347+09:00  INFO 13466 --- [main] o.a.c.c.C.[Tomcat].[localhost].[/]       : Initializing Spring embedded WebApplicationContext
2025-11-01T17:35:28.348+09:00  INFO 13466 --- [main] w.s.c.ServletWebServerApplicationContext : Root WebApplicationContext: initialization completed in 529 ms
2025-11-01T17:35:28.419+09:00  INFO 13466 --- [main] o.hibernate.jpa.internal.util.LogHelper  : HHH000204: Processing PersistenceUnitInfo [name: default]
2025-11-01T17:35:28.439+09:00  INFO 13466 --- [main] org.hibernate.Version                    : HHH000412: Hibernate ORM core version 6.6.29.Final
2025-11-01T17:35:28.451+09:00  INFO 13466 --- [main] o.h.c.internal.RegionFactoryInitiator    : HHH000026: Second-level cache disabled
2025-11-01T17:35:28.551+09:00  INFO 13466 --- [main] o.s.o.j.p.SpringPersistenceUnitInfo      : No LoadTimeWeaver setup: ignoring JPA class transformer
2025-11-01T17:35:28.561+09:00  INFO 13466 --- [main] com.zaxxer.hikari.HikariDataSource       : HikariPool-1 - Starting...
2025-11-01T17:35:28.685+09:00  INFO 13466 --- [main] com.zaxxer.hikari.pool.HikariPool        : HikariPool-1 - Added connection com.mysql.cj.jdbc.ConnectionImpl@2ce47652
2025-11-01T17:35:28.686+09:00  INFO 13466 --- [main] com.zaxxer.hikari.HikariDataSource       : HikariPool-1 - Start completed.
2025-11-01T17:35:28.703+09:00  WARN 13466 --- [main] org.hibernate.orm.deprecation            : HHH90000025: MySQL8Dialect does not need to be specified explicitly using 'hibernate.dialect' (remove the property setting and it will be selected by default)
2025-11-01T17:35:28.704+09:00  WARN 13466 --- [main] org.hibernate.orm.deprecation            : HHH90000026: MySQL8Dialect has been deprecated; use org.hibernate.dialect.MySQLDialect instead
2025-11-01T17:35:28.710+09:00  INFO 13466 --- [main] org.hibernate.orm.connections.pooling    : HHH10001005: Database info:
	Database JDBC URL [Connecting through datasource 'HikariDataSource (HikariPool-1)']
	Database driver: undefined/unknown
	Database version: 8.0
	Autocommit mode: undefined/unknown
	Isolation level: undefined/unknown
	Minimum pool size: undefined/unknown
	Maximum pool size: undefined/unknown
2025-11-01T17:35:29.016+09:00  INFO 13466 --- [main] o.h.e.t.j.p.i.JtaPlatformInitiator       : HHH000489: No JTA platform available (set 'hibernate.transaction.jta.platform' to enable JTA platform integration)
2025-11-01T17:35:29.017+09:00  INFO 13466 --- [main] j.LocalContainerEntityManagerFactoryBean : Initialized JPA EntityManagerFactory for persistence unit 'default'
2025-11-01T17:35:29.162+09:00  WARN 13466 --- [main] JpaBaseConfiguration$JpaWebConfiguration : spring.jpa.open-in-view is enabled by default. Therefore, database queries may be performed during view rendering. Explicitly configure spring.jpa.open-in-view to disable this warning
2025-11-01T17:35:29.175+09:00  INFO 13466 --- [main] o.s.b.a.w.s.WelcomePageHandlerMapping    : Adding welcome page: class path resource [static/index.html]
2025-11-01T17:35:29.241+09:00  WARN 13466 --- [main] .s.s.UserDetailsServiceAutoConfiguration : 

Using generated security password: 142a72cc-74a7-4e63-bd2d-f14a05af1dda

This generated password is for development use only. Your security configuration must be updated before running your application in production.

2025-11-01T17:35:29.244+09:00  INFO 13466 --- [main] r$InitializeUserDetailsManagerConfigurer : Global AuthenticationManager configured with UserDetailsService bean with name inMemoryUserDetailsManager
2025-11-01T17:35:29.356+09:00  INFO 13466 --- [main] o.s.b.w.embedded.tomcat.TomcatWebServer  : Tomcat started on port 8080 (http) with context path '/'
2025-11-01T17:35:29.361+09:00  INFO 13466 --- [main] c.c.s.c.CouponAdminApplication           : Started CouponAdminApplication in 1.758 seconds (process running for 1.929)
2025-11-01T17:35:47.014+09:00  INFO 13466 --- [http-nio-8080-exec-1] o.a.c.c.C.[Tomcat].[localhost].[/]       : Initializing Spring DispatcherServlet 'dispatcherServlet'
2025-11-01T17:35:47.014+09:00  INFO 13466 --- [http-nio-8080-exec-1] o.s.web.servlet.DispatcherServlet        : Initializing Servlet 'dispatcherServlet'
2025-11-01T17:35:47.015+09:00  INFO 13466 --- [http-nio-8080-exec-1] o.s.web.servlet.DispatcherServlet        : Completed initialization in 1 ms
2025-11-01T17:35:51.662+09:00  WARN 13466 --- [http-nio-8080-exec-2] o.h.engine.jdbc.spi.SqlExceptionHelper   : SQL Error: 1054, SQLState: 42S22
2025-11-01T17:35:51.662+09:00 ERROR 13466 --- [http-nio-8080-exec-2] o.h.engine.jdbc.spi.SqlExceptionHelper   : Unknown column 'a1_0.role' in 'field list'
2025-11-01T17:36:01.811+09:00  WARN 13466 --- [http-nio-8080-exec-3] o.h.engine.jdbc.spi.SqlExceptionHelper   : SQL Error: 1054, SQLState: 42S22
2025-11-01T17:36:01.811+09:00 ERROR 13466 --- [http-nio-8080-exec-3] o.h.engine.jdbc.spi.SqlExceptionHelper   : Unknown column 'a1_0.role' in 'field list'
2025-11-01T17:40:52.754+09:00  INFO 13466 --- [SpringApplicationShutdownHook] o.s.b.w.e.tomcat.GracefulShutdown        : Commencing graceful shutdown. Waiting for active requests to complete
2025-11-01T17:40:52.759+09:00  INFO 13466 --- [tomcat-shutdown] o.s.b.w.e.tomcat.GracefulShutdown        : Graceful shutdown complete
2025-11-01T17:40:52.764+09:00  INFO 13466 --- [SpringApplicationShutdownHook] j.LocalContainerEntityManagerFactoryBean : Closing JPA EntityManagerFactory for persistence unit 'default'
2025-11-01T17:40:52.766+09:00  INFO 13466 --- [SpringApplicationShutdownHook] com.zaxxer.hikari.HikariDataSource       : HikariPool-1 - Shutdown initiated...
2025-11-01T17:40:52.769+09:00  INFO 13466 --- [SpringApplicationShutdownHook] com.zaxxer.hikari.HikariDataSource       : HikariPool-1 - Shutdown completed.
2025-11-01T17:53:20.697+09:00  INFO 13624 --- [main] c.c.s.c.CouponAdminApplication           : Starting CouponAdminApplication using Java 17.0.16 with PID 13624 (/Users/psh/Downloads/coupon-admin/build/classes/java/main started by psh in /Users/psh/Downloads/coupon-admin)
2025-11-01T17:53:20.698+09:00  INFO 13624 --- [main] c.c.s.c.CouponAdminApplication           : The following 1 profile is active: "dev"
2025-11-01T17:53:20.974+09:00  INFO 13624 --- [main] .s.d.r.c.RepositoryConfigurationDelegate : Bootstrapping Spring Data JPA repositories in DEFAULT mode.
2025-11-01T17:53:20.996+09:00  INFO 13624 --- [main] .s.d.r.c.RepositoryConfigurationDelegate : Finished Spring Data repository scanning in 18 ms. Found 3 JPA repository interfaces.
2025-11-01T17:53:21.205+09:00  INFO 13624 --- [main] o.s.b.w.embedded.tomcat.TomcatWebServer  : Tomcat initialized with port 8080 (http)
2025-11-01T17:53:21.210+09:00  INFO 13624 --- [main] o.apache.catalina.core.StandardService   : Starting service [Tomcat]
2025-11-01T17:53:21.210+09:00  INFO 13624 --- [main] o.apache.catalina.core.StandardEngine    : Starting Servlet engine: [Apache Tomcat/10.1.46]
2025-11-01T17:53:21.229+09:00  INFO 13624 --- [main] o.a.c.c.C.[Tomcat].[localhost].[/]       : Initializing Spring embedded WebApplicationContext
2025-11-01T17:53:21.229+09:00  INFO 13624 --- [main] w.s.c.ServletWebServerApplicationContext : Root WebApplicationContext: initialization completed in 512 ms
2025-11-01T17:53:21.302+09:00  INFO 13624 --- [main] o.hibernate.jpa.internal.util.LogHelper  : HHH000204: Processing PersistenceUnitInfo [name: default]
2025-11-01T17:53:21.323+09:00  INFO 13624 --- [main] org.hibernate.Version                    : HHH000412: Hibernate ORM core version 6.6.29.Final
2025-11-01T17:53:21.335+09:00  INFO 13624 --- [main] o.h.c.internal.RegionFactoryInitiator    : HHH000026: Second-level cache disabled
2025-11-01T17:53:21.438+09:00  INFO 13624 --- [main] o.s.o.j.p.SpringPersistenceUnitInfo      : No LoadTimeWeaver setup: ignoring JPA class transformer
2025-11-01T17:53:21.448+09:00  INFO 13624 --- [main] com.zaxxer.hikari.HikariDataSource       : HikariPool-1 - Starting...
2025-11-01T17:53:21.569+09:00  INFO 13624 --- [main] com.zaxxer.hikari.pool.HikariPool        : HikariPool-1 - Added connection com.mysql.cj.jdbc.ConnectionImpl@226e07e7
2025-11-01T17:53:21.569+09:00  INFO 13624 --- [main] com.zaxxer.hikari.HikariDataSource       : HikariPool-1 - Start completed.
2025-11-01T17:53:21.587+09:00  WARN 13624 --- [main] org.hibernate.orm.deprecation            : HHH90000025: MySQL8Dialect does not need to be specified explicitly using 'hibernate.dialect' (remove the property setting and it will be selected by default)
2025-11-01T17:53:21.588+09:00  WARN 13624 --- [main] org.hibernate.orm.deprecation            : HHH90000026: MySQL8Dialect has been deprecated; use org.hibernate.dialect.MySQLDialect instead
2025-11-01T17:53:21.595+09:00  INFO 13624 --- [main] org.hibernate.orm.connections.pooling    : HHH10001005: Database info:
	Database JDBC URL [Connecting through datasource 'HikariDataSource (HikariPool-1)']
	Database driver: undefined/unknown
	Database version: 8.0
	Autocommit mode: undefined/unknown
	Isolation level: undefined/unknown
	Minimum pool size: undefined/unknown
	Maximum pool size: undefined/unknown
2025-11-01T17:53:21.899+09:00  INFO 13624 --- [main] o.h.e.t.j.p.i.JtaPlatformInitiator       : HHH000489: No JTA platform available (set 'hibernate.transaction.jta.platform' to enable JTA platform integration)
2025-11-01T17:53:21.901+09:00  INFO 13624 --- [main] j.LocalContainerEntityManagerFactoryBean : Initialized JPA EntityManagerFactory for persistence unit 'default'
2025-11-01T17:53:22.045+09:00  WARN 13624 --- [main] JpaBaseConfiguration$JpaWebConfiguration : spring.jpa.open-in-view is enabled by default. Therefore, database queries may be performed during view rendering. Explicitly configure spring.jpa.open-in-view to disable this warning
2025-11-01T17:53:22.056+09:00  INFO 13624 --- [main] o.s.b.a.w.s.WelcomePageHandlerMapping    : Adding welcome page: class path resource [static/index.html]
2025-11-01T17:53:22.124+09:00  WARN 13624 --- [main] .s.s.UserDetailsServiceAutoConfiguration : 

Using generated security password: c8e158fc-9823-4ad0-9b2a-145cda7eea99

This generated password is for development use only. Your security configuration must be updated before running your application in production.

2025-11-01T17:53:22.127+09:00  INFO 13624 --- [main] r$InitializeUserDetailsManagerConfigurer : Global AuthenticationManager configured with UserDetailsService bean with name inMemoryUserDetailsManager
2025-11-01T17:53:22.235+09:00  INFO 13624 --- [main] o.s.b.w.embedded.tomcat.TomcatWebServer  : Tomcat started on port 8080 (http) with context path '/'
2025-11-01T17:53:22.240+09:00  INFO 13624 --- [main] c.c.s.c.CouponAdminApplication           : Started CouponAdminApplication in 1.739 seconds (process running for 1.882)
2025-11-01T17:53:33.196+09:00  INFO 13624 --- [http-nio-8080-exec-1] o.a.c.c.C.[Tomcat].[localhost].[/]       : Initializing Spring DispatcherServlet 'dispatcherServlet'
2025-11-01T17:53:33.196+09:00  INFO 13624 --- [http-nio-8080-exec-1] o.s.web.servlet.DispatcherServlet        : Initializing Servlet 'dispatcherServlet'
2025-11-01T17:53:33.197+09:00  INFO 13624 --- [http-nio-8080-exec-1] o.s.web.servlet.DispatcherServlet        : Completed initialization in 1 ms
2025-11-01T18:02:12.171+09:00  INFO 13624 --- [SpringApplicationShutdownHook] o.s.b.w.e.tomcat.GracefulShutdown        : Commencing graceful shutdown. Waiting for active requests to complete
2025-11-01T18:02:12.178+09:00  INFO 13624 --- [tomcat-shutdown] o.s.b.w.e.tomcat.GracefulShutdown        : Graceful shutdown complete
2025-11-01T18:02:12.183+09:00  INFO 13624 --- [SpringApplicationShutdownHook] j.LocalContainerEntityManagerFactoryBean : Closing JPA EntityManagerFactory for persistence unit 'default'
2025-11-01T18:02:12.185+09:00  INFO 13624 --- [SpringApplicationShutdownHook] com.zaxxer.hikari.HikariDataSource       : HikariPool-1 - Shutdown initiated...
2025-11-01T18:02:12.189+09:00  INFO 13624 --- [SpringApplicationShutdownHook] com.zaxxer.hikari.HikariDataSource       : HikariPool-1 - Shutdown completed.
2025-11-01T18:02:13.005+09:00  INFO 13719 --- [main] c.c.s.c.CouponAdminApplication           : Starting CouponAdminApplication using Java 17.0.16 with PID 13719 (/Users/psh/Downloads/coupon-admin/build/classes/java/main started by psh in /Users/psh/Downloads/coupon-admin)
2025-11-01T18:02:13.006+09:00  INFO 13719 --- [main] c.c.s.c.CouponAdminApplication           : The following 1 profile is active: "dev"
2025-11-01T18:02:13.259+09:00  INFO 13719 --- [main] .s.d.r.c.RepositoryConfigurationDelegate : Bootstrapping Spring Data JPA repositories in DEFAULT mode.
2025-11-01T18:02:13.278+09:00  INFO 13719 --- [main] .s.d.r.c.RepositoryConfigurationDelegate : Finished Spring Data repository scanning in 16 ms. Found 3 JPA repository interfaces.
2025-11-01T18:02:13.460+09:00  INFO 13719 --- [main] o.s.b.w.embedded.tomcat.TomcatWebServer  : Tomcat initialized with port 8080 (http)
2025-11-01T18:02:13.465+09:00  INFO 13719 --- [main] o.apache.catalina.core.StandardService   : Starting service [Tomcat]
2025-11-01T18:02:13.465+09:00  INFO 13719 --- [main] o.apache.catalina.core.StandardEngine    : Starting Servlet engine: [Apache Tomcat/10.1.46]
2025-11-01T18:02:13.481+09:00  INFO 13719 --- [main] o.a.c.c.C.[Tomcat].[localhost].[/]       : Initializing Spring embedded WebApplicationContext
2025-11-01T18:02:13.481+09:00  INFO 13719 --- [main] w.s.c.ServletWebServerApplicationContext : Root WebApplicationContext: initialization completed in 458 ms
2025-11-01T18:02:13.542+09:00  INFO 13719 --- [main] o.hibernate.jpa.internal.util.LogHelper  : HHH000204: Processing PersistenceUnitInfo [name: default]
2025-11-01T18:02:13.559+09:00  INFO 13719 --- [main] org.hibernate.Version                    : HHH000412: Hibernate ORM core version 6.6.29.Final
2025-11-01T18:02:13.568+09:00  INFO 13719 --- [main] o.h.c.internal.RegionFactoryInitiator    : HHH000026: Second-level cache disabled
2025-11-01T18:02:13.668+09:00  INFO 13719 --- [main] o.s.o.j.p.SpringPersistenceUnitInfo      : No LoadTimeWeaver setup: ignoring JPA class transformer
2025-11-01T18:02:13.677+09:00  INFO 13719 --- [main] com.zaxxer.hikari.HikariDataSource       : HikariPool-1 - Starting...
2025-11-01T18:02:13.791+09:00  INFO 13719 --- [main] com.zaxxer.hikari.pool.HikariPool        : HikariPool-1 - Added connection com.mysql.cj.jdbc.ConnectionImpl@2c1ea7be
2025-11-01T18:02:13.792+09:00  INFO 13719 --- [main] com.zaxxer.hikari.HikariDataSource       : HikariPool-1 - Start completed.
2025-11-01T18:02:13.810+09:00  WARN 13719 --- [main] org.hibernate.orm.deprecation            : HHH90000025: MySQL8Dialect does not need to be specified explicitly using 'hibernate.dialect' (remove the property setting and it will be selected by default)
2025-11-01T18:02:13.810+09:00  WARN 13719 --- [main] org.hibernate.orm.deprecation            : HHH90000026: MySQL8Dialect has been deprecated; use org.hibernate.dialect.MySQLDialect instead
2025-11-01T18:02:13.817+09:00  INFO 13719 --- [main] org.hibernate.orm.connections.pooling    : HHH10001005: Database info:
	Database JDBC URL [Connecting through datasource 'HikariDataSource (HikariPool-1)']
	Database driver: undefined/unknown
	Database version: 8.0
	Autocommit mode: undefined/unknown
	Isolation level: undefined/unknown
	Minimum pool size: undefined/unknown
	Maximum pool size: undefined/unknown
2025-11-01T18:02:14.083+09:00  INFO 13719 --- [main] o.h.e.t.j.p.i.JtaPlatformInitiator       : HHH000489: No JTA platform available (set 'hibernate.transaction.jta.platform' to enable JTA platform integration)
2025-11-01T18:02:14.084+09:00  INFO 13719 --- [main] j.LocalContainerEntityManagerFactoryBean : Initialized JPA EntityManagerFactory for persistence unit 'default'
2025-11-01T18:02:14.219+09:00  WARN 13719 --- [main] JpaBaseConfiguration$JpaWebConfiguration : spring.jpa.open-in-view is enabled by default. Therefore, database queries may be performed during view rendering. Explicitly configure spring.jpa.open-in-view to disable this warning
2025-11-01T18:02:14.230+09:00  INFO 13719 --- [main] o.s.b.a.w.s.WelcomePageHandlerMapping    : Adding welcome page: class path resource [static/index.html]
2025-11-01T18:02:14.292+09:00  WARN 13719 --- [main] .s.s.UserDetailsServiceAutoConfiguration : 

Using generated security password: f9c53b02-02c2-4d40-91ec-2d926de17f14

This generated password is for development use only. Your security configuration must be updated before running your application in production.

2025-11-01T18:02:14.294+09:00  INFO 13719 --- [main] r$InitializeUserDetailsManagerConfigurer : Global AuthenticationManager configured with UserDetailsService bean with name inMemoryUserDetailsManager
2025-11-01T18:02:14.402+09:00  INFO 13719 --- [main] o.s.b.w.embedded.tomcat.TomcatWebServer  : Tomcat started on port 8080 (http) with context path '/'
2025-11-01T18:02:14.406+09:00  INFO 13719 --- [main] c.c.s.c.CouponAdminApplication           : Started CouponAdminApplication in 1.592 seconds (process running for 1.709)
2025-11-01T18:02:21.212+09:00  INFO 13719 --- [http-nio-8080-exec-1] o.a.c.c.C.[Tomcat].[localhost].[/]       : Initializing Spring DispatcherServlet 'dispatcherServlet'
2025-11-01T18:02:21.212+09:00  INFO 13719 --- [http-nio-8080-exec-1] o.s.web.servlet.DispatcherServlet        : Initializing Servlet 'dispatcherServlet'
2025-11-01T18:02:21.213+09:00  INFO 13719 --- [http-nio-8080-exec-1] o.s.web.servlet.DispatcherServlet        : Completed initialization in 1 ms
2025-11-01T18:12:18.594+09:00  INFO 13719 --- [SpringApplicationShutdownHook] o.s.b.w.e.tomcat.GracefulShutdown        : Commencing graceful shutdown. Waiting for active requests to complete
2025-11-01T18:12:18.600+09:00  INFO 13719 --- [tomcat-shutdown] o.s.b.w.e.tomcat.GracefulShutdown        : Graceful shutdown complete
2025-11-01T18:12:18.607+09:00  INFO 13719 --- [SpringApplicationShutdownHook] j.LocalContainerEntityManagerFactoryBean : Closing JPA EntityManagerFactory for persistence unit 'default'
2025-11-01T18:12:18.610+09:00  INFO 13719 --- [SpringApplicationShutdownHook] com.zaxxer.hikari.HikariDataSource       : HikariPool-1 - Shutdown initiated...
2025-11-01T18:12:18.616+09:00  INFO 13719 --- [SpringApplicationShutdownHook] com.zaxxer.hikari.HikariDataSource       : HikariPool-1 - Shutdown completed.
2025-11-01T18:12:19.259+09:00  INFO 13759 --- [main] c.c.s.c.CouponAdminApplication           : Starting CouponAdminApplication using Java 17.0.16 with PID 13759 (/Users/psh/Downloads/coupon-admin/build/classes/java/main started by psh in /Users/psh/Downloads/coupon-admin)
2025-11-01T18:12:19.260+09:00  INFO 13759 --- [main] c.c.s.c.CouponAdminApplication           : The following 1 profile is active: "dev"
2025-11-01T18:12:19.497+09:00  INFO 13759 --- [main] .s.d.r.c.RepositoryConfigurationDelegate : Bootstrapping Spring Data JPA repositories in DEFAULT mode.
2025-11-01T18:12:19.518+09:00  INFO 13759 --- [main] .s.d.r.c.RepositoryConfigurationDelegate : Finished Spring Data repository scanning in 17 ms. Found 3 JPA repository interfaces.
2025-11-01T18:12:19.709+09:00  INFO 13759 --- [main] o.s.b.w.embedded.tomcat.TomcatWebServer  : Tomcat initialized with port 8080 (http)
2025-11-01T18:12:19.714+09:00  INFO 13759 --- [main] o.apache.catalina.core.StandardService   : Starting service [Tomcat]
2025-11-01T18:12:19.714+09:00  INFO 13759 --- [main] o.apache.catalina.core.StandardEngine    : Starting Servlet engine: [Apache Tomcat/10.1.46]
2025-11-01T18:12:19.731+09:00  INFO 13759 --- [main] o.a.c.c.C.[Tomcat].[localhost].[/]       : Initializing Spring embedded WebApplicationContext
2025-11-01T18:12:19.732+09:00  INFO 13759 --- [main] w.s.c.ServletWebServerApplicationContext : Root WebApplicationContext: initialization completed in 458 ms
2025-11-01T18:12:19.800+09:00  INFO 13759 --- [main] o.hibernate.jpa.internal.util.LogHelper  : HHH000204: Processing PersistenceUnitInfo [name: default]
2025-11-01T18:12:19.815+09:00  INFO 13759 --- [main] org.hibernate.Version                    : HHH000412: Hibernate ORM core version 6.6.29.Final
2025-11-01T18:12:19.825+09:00  INFO 13759 --- [main] o.h.c.internal.RegionFactoryInitiator    : HHH000026: Second-level cache disabled
2025-11-01T18:12:19.907+09:00  INFO 13759 --- [main] o.s.o.j.p.SpringPersistenceUnitInfo      : No LoadTimeWeaver setup: ignoring JPA class transformer
2025-11-01T18:12:19.915+09:00  INFO 13759 --- [main] com.zaxxer.hikari.HikariDataSource       : HikariPool-1 - Starting...
2025-11-01T18:12:20.028+09:00  INFO 13759 --- [main] com.zaxxer.hikari.pool.HikariPool        : HikariPool-1 - Added connection com.mysql.cj.jdbc.ConnectionImpl@226e07e7
2025-11-01T18:12:20.028+09:00  INFO 13759 --- [main] com.zaxxer.hikari.HikariDataSource       : HikariPool-1 - Start completed.
2025-11-01T18:12:20.046+09:00  WARN 13759 --- [main] org.hibernate.orm.deprecation            : HHH90000025: MySQL8Dialect does not need to be specified explicitly using 'hibernate.dialect' (remove the property setting and it will be selected by default)
2025-11-01T18:12:20.046+09:00  WARN 13759 --- [main] org.hibernate.orm.deprecation            : HHH90000026: MySQL8Dialect has been deprecated; use org.hibernate.dialect.MySQLDialect instead
2025-11-01T18:12:20.053+09:00  INFO 13759 --- [main] org.hibernate.orm.connections.pooling    : HHH10001005: Database info:
	Database JDBC URL [Connecting through datasource 'HikariDataSource (HikariPool-1)']
	Database driver: undefined/unknown
	Database version: 8.0
	Autocommit mode: undefined/unknown
	Isolation level: undefined/unknown
	Minimum pool size: undefined/unknown
	Maximum pool size: undefined/unknown
2025-11-01T18:12:20.321+09:00  INFO 13759 --- [main] o.h.e.t.j.p.i.JtaPlatformInitiator       : HHH000489: No JTA platform available (set 'hibernate.transaction.jta.platform' to enable JTA platform integration)
2025-11-01T18:12:20.322+09:00  INFO 13759 --- [main] j.LocalContainerEntityManagerFactoryBean : Initialized JPA EntityManagerFactory for persistence unit 'default'
2025-11-01T18:12:20.456+09:00  WARN 13759 --- [main] JpaBaseConfiguration$JpaWebConfiguration : spring.jpa.open-in-view is enabled by default. Therefore, database queries may be performed during view rendering. Explicitly configure spring.jpa.open-in-view to disable this warning
2025-11-01T18:12:20.467+09:00  INFO 13759 --- [main] o.s.b.a.w.s.WelcomePageHandlerMapping    : Adding welcome page: class path resource [static/index.html]
2025-11-01T18:12:20.528+09:00  WARN 13759 --- [main] .s.s.UserDetailsServiceAutoConfiguration : 

Using generated security password: 76bb0a7a-f39d-4fdb-b906-2c07855e2da6

This generated password is for development use only. Your security configuration must be updated before running your application in production.

2025-11-01T18:12:20.531+09:00  INFO 13759 --- [main] r$InitializeUserDetailsManagerConfigurer : Global AuthenticationManager configured with UserDetailsService bean with name inMemoryUserDetailsManager
2025-11-01T18:12:20.560+09:00 DEBUG 13759 --- [main] o.s.s.web.DefaultSecurityFilterChain     : Will secure any request with filters: DisableEncodeUrlFilter, WebAsyncManagerIntegrationFilter, SecurityContextHolderFilter, HeaderWriterFilter, CorsFilter, LogoutFilter, JwtAuthenticationFilter, RequestCacheAwareFilter, SecurityContextHolderAwareRequestFilter, AnonymousAuthenticationFilter, SessionManagementFilter, ExceptionTranslationFilter, AuthorizationFilter
2025-11-01T18:12:20.636+09:00  INFO 13759 --- [main] o.s.b.w.embedded.tomcat.TomcatWebServer  : Tomcat started on port 8080 (http) with context path '/'
2025-11-01T18:12:20.641+09:00  INFO 13759 --- [main] c.c.s.c.CouponAdminApplication           : Started CouponAdminApplication in 1.575 seconds (process running for 1.71)
2025-11-01T18:12:37.097+09:00  INFO 13759 --- [http-nio-8080-exec-1] o.a.c.c.C.[Tomcat].[localhost].[/]       : Initializing Spring DispatcherServlet 'dispatcherServlet'
2025-11-01T18:12:37.097+09:00  INFO 13759 --- [http-nio-8080-exec-1] o.s.web.servlet.DispatcherServlet        : Initializing Servlet 'dispatcherServlet'
2025-11-01T18:12:37.097+09:00  INFO 13759 --- [http-nio-8080-exec-1] o.s.web.servlet.DispatcherServlet        : Completed initialization in 0 ms
2025-11-01T18:12:37.104+09:00 DEBUG 13759 --- [http-nio-8080-exec-1] o.s.security.web.FilterChainProxy        : Securing GET /main.html
2025-11-01T18:12:37.106+09:00 DEBUG 13759 --- [http-nio-8080-exec-1] o.s.s.w.a.AnonymousAuthenticationFilter  : Set SecurityContextHolder to anonymous SecurityContext
2025-11-01T18:12:37.106+09:00 DEBUG 13759 --- [http-nio-8080-exec-1] o.s.s.w.session.SessionManagementFilter  : Request requested invalid session id 96146680E7D3A902B50B7CE042FB1ED7
2025-11-01T18:12:37.107+09:00 DEBUG 13759 --- [http-nio-8080-exec-1] o.s.s.w.a.Http403ForbiddenEntryPoint     : Pre-authenticated entry point called. Rejecting access
2025-11-01T18:12:37.113+09:00 DEBUG 13759 --- [http-nio-8080-exec-1] o.s.security.web.FilterChainProxy        : Securing GET /error
2025-11-01T18:12:37.113+09:00 DEBUG 13759 --- [http-nio-8080-exec-1] o.s.s.w.a.AnonymousAuthenticationFilter  : Set SecurityContextHolder to anonymous SecurityContext
2025-11-01T18:12:37.113+09:00 DEBUG 13759 --- [http-nio-8080-exec-1] o.s.s.w.a.Http403ForbiddenEntryPoint     : Pre-authenticated entry point called. Rejecting access
2025-11-01T18:12:40.313+09:00 DEBUG 13759 --- [http-nio-8080-exec-2] o.s.security.web.FilterChainProxy        : Securing GET /index.html
2025-11-01T18:12:40.314+09:00 DEBUG 13759 --- [http-nio-8080-exec-2] o.s.s.w.a.AnonymousAuthenticationFilter  : Set SecurityContextHolder to anonymous SecurityContext
2025-11-01T18:12:40.314+09:00 DEBUG 13759 --- [http-nio-8080-exec-2] o.s.s.w.session.SessionManagementFilter  : Request requested invalid session id 96146680E7D3A902B50B7CE042FB1ED7
2025-11-01T18:12:40.316+09:00 DEBUG 13759 --- [http-nio-8080-exec-2] o.s.security.web.FilterChainProxy        : Secured GET /index.html
2025-11-01T18:12:45.349+09:00 DEBUG 13759 --- [http-nio-8080-exec-3] o.s.security.web.FilterChainProxy        : Securing POST /auth/login
2025-11-01T18:12:45.362+09:00 DEBUG 13759 --- [http-nio-8080-exec-3] o.s.s.w.a.AnonymousAuthenticationFilter  : Set SecurityContextHolder to anonymous SecurityContext
2025-11-01T18:12:45.362+09:00 DEBUG 13759 --- [http-nio-8080-exec-3] o.s.s.w.session.SessionManagementFilter  : Request requested invalid session id 96146680E7D3A902B50B7CE042FB1ED7
2025-11-01T18:12:45.362+09:00 DEBUG 13759 --- [http-nio-8080-exec-3] o.s.security.web.FilterChainProxy        : Secured POST /auth/login
2025-11-01T18:12:46.507+09:00 DEBUG 13759 --- [http-nio-8080-exec-4] o.s.security.web.FilterChainProxy        : Securing GET /main.html
2025-11-01T18:12:46.510+09:00 DEBUG 13759 --- [http-nio-8080-exec-4] o.s.s.w.a.AnonymousAuthenticationFilter  : Set SecurityContextHolder to anonymous SecurityContext
2025-11-01T18:12:46.510+09:00 DEBUG 13759 --- [http-nio-8080-exec-4] o.s.s.w.session.SessionManagementFilter  : Request requested invalid session id 96146680E7D3A902B50B7CE042FB1ED7
2025-11-01T18:12:46.511+09:00 DEBUG 13759 --- [http-nio-8080-exec-4] o.s.s.w.a.Http403ForbiddenEntryPoint     : Pre-authenticated entry point called. Rejecting access
2025-11-01T18:12:46.514+09:00 DEBUG 13759 --- [http-nio-8080-exec-4] o.s.security.web.FilterChainProxy        : Securing GET /error
2025-11-01T18:12:46.516+09:00 DEBUG 13759 --- [http-nio-8080-exec-4] o.s.s.w.a.AnonymousAuthenticationFilter  : Set SecurityContextHolder to anonymous SecurityContext
2025-11-01T18:12:46.517+09:00 DEBUG 13759 --- [http-nio-8080-exec-4] o.s.s.w.a.Http403ForbiddenEntryPoint     : Pre-authenticated entry point called. Rejecting access
2025-11-01T18:16:23.383+09:00  INFO 13759 --- [SpringApplicationShutdownHook] o.s.b.w.e.tomcat.GracefulShutdown        : Commencing graceful shutdown. Waiting for active requests to complete
2025-11-01T18:16:23.389+09:00  INFO 13759 --- [tomcat-shutdown] o.s.b.w.e.tomcat.GracefulShutdown        : Graceful shutdown complete
2025-11-01T18:16:23.393+09:00  INFO 13759 --- [SpringApplicationShutdownHook] j.LocalContainerEntityManagerFactoryBean : Closing JPA EntityManagerFactory for persistence unit 'default'
2025-11-01T18:16:23.395+09:00  INFO 13759 --- [SpringApplicationShutdownHook] com.zaxxer.hikari.HikariDataSource       : HikariPool-1 - Shutdown initiated...
2025-11-01T18:16:23.400+09:00  INFO 13759 --- [SpringApplicationShutdownHook] com.zaxxer.hikari.HikariDataSource       : HikariPool-1 - Shutdown completed.
2025-11-01T18:16:24.150+09:00  INFO 13813 --- [main] c.c.s.c.CouponAdminApplication           : Starting CouponAdminApplication using Java 17.0.16 with PID 13813 (/Users/psh/Downloads/coupon-admin/build/classes/java/main started by psh in /Users/psh/Downloads/coupon-admin)
2025-11-01T18:16:24.151+09:00  INFO 13813 --- [main] c.c.s.c.CouponAdminApplication           : The following 1 profile is active: "dev"
2025-11-01T18:16:24.408+09:00  INFO 13813 --- [main] .s.d.r.c.RepositoryConfigurationDelegate : Bootstrapping Spring Data JPA repositories in DEFAULT mode.
2025-11-01T18:16:24.429+09:00  INFO 13813 --- [main] .s.d.r.c.RepositoryConfigurationDelegate : Finished Spring Data repository scanning in 18 ms. Found 3 JPA repository interfaces.
2025-11-01T18:16:24.624+09:00  INFO 13813 --- [main] o.s.b.w.embedded.tomcat.TomcatWebServer  : Tomcat initialized with port 8080 (http)
2025-11-01T18:16:24.629+09:00  INFO 13813 --- [main] o.apache.catalina.core.StandardService   : Starting service [Tomcat]
2025-11-01T18:16:24.629+09:00  INFO 13813 --- [main] o.apache.catalina.core.StandardEngine    : Starting Servlet engine: [Apache Tomcat/10.1.46]
2025-11-01T18:16:24.646+09:00  INFO 13813 --- [main] o.a.c.c.C.[Tomcat].[localhost].[/]       : Initializing Spring embedded WebApplicationContext
2025-11-01T18:16:24.647+09:00  INFO 13813 --- [main] w.s.c.ServletWebServerApplicationContext : Root WebApplicationContext: initialization completed in 482 ms
2025-11-01T18:16:24.709+09:00  INFO 13813 --- [main] o.hibernate.jpa.internal.util.LogHelper  : HHH000204: Processing PersistenceUnitInfo [name: default]
2025-11-01T18:16:24.724+09:00  INFO 13813 --- [main] org.hibernate.Version                    : HHH000412: Hibernate ORM core version 6.6.29.Final
2025-11-01T18:16:24.734+09:00  INFO 13813 --- [main] o.h.c.internal.RegionFactoryInitiator    : HHH000026: Second-level cache disabled
2025-11-01T18:16:24.819+09:00  INFO 13813 --- [main] o.s.o.j.p.SpringPersistenceUnitInfo      : No LoadTimeWeaver setup: ignoring JPA class transformer
2025-11-01T18:16:24.827+09:00  INFO 13813 --- [main] com.zaxxer.hikari.HikariDataSource       : HikariPool-1 - Starting...
2025-11-01T18:16:24.939+09:00  INFO 13813 --- [main] com.zaxxer.hikari.pool.HikariPool        : HikariPool-1 - Added connection com.mysql.cj.jdbc.ConnectionImpl@77856cc5
2025-11-01T18:16:24.940+09:00  INFO 13813 --- [main] com.zaxxer.hikari.HikariDataSource       : HikariPool-1 - Start completed.
2025-11-01T18:16:24.958+09:00  WARN 13813 --- [main] org.hibernate.orm.deprecation            : HHH90000025: MySQL8Dialect does not need to be specified explicitly using 'hibernate.dialect' (remove the property setting and it will be selected by default)
2025-11-01T18:16:24.958+09:00  WARN 13813 --- [main] org.hibernate.orm.deprecation            : HHH90000026: MySQL8Dialect has been deprecated; use org.hibernate.dialect.MySQLDialect instead
2025-11-01T18:16:24.965+09:00  INFO 13813 --- [main] org.hibernate.orm.connections.pooling    : HHH10001005: Database info:
	Database JDBC URL [Connecting through datasource 'HikariDataSource (HikariPool-1)']
	Database driver: undefined/unknown
	Database version: 8.0
	Autocommit mode: undefined/unknown
	Isolation level: undefined/unknown
	Minimum pool size: undefined/unknown
	Maximum pool size: undefined/unknown
2025-11-01T18:16:25.235+09:00  INFO 13813 --- [main] o.h.e.t.j.p.i.JtaPlatformInitiator       : HHH000489: No JTA platform available (set 'hibernate.transaction.jta.platform' to enable JTA platform integration)
2025-11-01T18:16:25.236+09:00  INFO 13813 --- [main] j.LocalContainerEntityManagerFactoryBean : Initialized JPA EntityManagerFactory for persistence unit 'default'
2025-11-01T18:16:25.372+09:00  WARN 13813 --- [main] JpaBaseConfiguration$JpaWebConfiguration : spring.jpa.open-in-view is enabled by default. Therefore, database queries may be performed during view rendering. Explicitly configure spring.jpa.open-in-view to disable this warning
2025-11-01T18:16:25.383+09:00  INFO 13813 --- [main] o.s.b.a.w.s.WelcomePageHandlerMapping    : Adding welcome page: class path resource [static/index.html]
2025-11-01T18:16:25.441+09:00 DEBUG 13813 --- [main] swordEncoderAuthenticationManagerBuilder : No authenticationProviders and no parentAuthenticationManager defined. Returning null.
2025-11-01T18:16:25.471+09:00 DEBUG 13813 --- [main] o.s.s.web.DefaultSecurityFilterChain     : Will secure any request with filters: DisableEncodeUrlFilter, WebAsyncManagerIntegrationFilter, SecurityContextHolderFilter, HeaderWriterFilter, CorsFilter, LogoutFilter, JwtAuthenticationFilter, RequestCacheAwareFilter, SecurityContextHolderAwareRequestFilter, AnonymousAuthenticationFilter, SessionManagementFilter, ExceptionTranslationFilter, AuthorizationFilter
2025-11-01T18:16:25.549+09:00  INFO 13813 --- [main] o.s.b.w.embedded.tomcat.TomcatWebServer  : Tomcat started on port 8080 (http) with context path '/'
2025-11-01T18:16:25.553+09:00  INFO 13813 --- [main] c.c.s.c.CouponAdminApplication           : Started CouponAdminApplication in 1.597 seconds (process running for 1.714)
2025-11-01T18:16:40.398+09:00  INFO 13813 --- [http-nio-8080-exec-2] o.a.c.c.C.[Tomcat].[localhost].[/]       : Initializing Spring DispatcherServlet 'dispatcherServlet'
2025-11-01T18:16:40.399+09:00  INFO 13813 --- [http-nio-8080-exec-2] o.s.web.servlet.DispatcherServlet        : Initializing Servlet 'dispatcherServlet'
2025-11-01T18:16:40.400+09:00  INFO 13813 --- [http-nio-8080-exec-2] o.s.web.servlet.DispatcherServlet        : Completed initialization in 1 ms
2025-11-01T18:16:40.407+09:00 DEBUG 13813 --- [http-nio-8080-exec-2] o.s.security.web.FilterChainProxy        : Securing POST /auth/login
2025-11-01T18:16:40.411+09:00 DEBUG 13813 --- [http-nio-8080-exec-2] o.s.s.w.a.AnonymousAuthenticationFilter  : Set SecurityContextHolder to anonymous SecurityContext
2025-11-01T18:16:40.412+09:00 DEBUG 13813 --- [http-nio-8080-exec-2] o.s.security.web.FilterChainProxy        : Secured POST /auth/login
2025-11-01T18:17:05.415+09:00 DEBUG 13813 --- [http-nio-8080-exec-3] o.s.security.web.FilterChainProxy        : Securing GET /coupons/job
2025-11-01T18:17:05.440+09:00 DEBUG 13813 --- [http-nio-8080-exec-3] o.s.security.web.FilterChainProxy        : Secured GET /coupons/job
2025-11-01T18:17:05.448+09:00 DEBUG 13813 --- [http-nio-8080-exec-3] o.s.security.web.FilterChainProxy        : Securing GET /error
2025-11-01T18:17:05.448+09:00 DEBUG 13813 --- [http-nio-8080-exec-3] o.s.s.w.a.AnonymousAuthenticationFilter  : Set SecurityContextHolder to anonymous SecurityContext
2025-11-01T18:17:05.449+09:00 DEBUG 13813 --- [http-nio-8080-exec-3] o.s.s.w.a.Http403ForbiddenEntryPoint     : Pre-authenticated entry point called. Rejecting access
2025-11-01T18:17:15.951+09:00 DEBUG 13813 --- [http-nio-8080-exec-4] o.s.security.web.FilterChainProxy        : Securing GET /coupons/job
2025-11-01T18:17:15.956+09:00 DEBUG 13813 --- [http-nio-8080-exec-4] o.s.s.w.a.AnonymousAuthenticationFilter  : Set SecurityContextHolder to anonymous SecurityContext
2025-11-01T18:17:15.957+09:00 DEBUG 13813 --- [http-nio-8080-exec-4] o.s.s.w.a.Http403ForbiddenEntryPoint     : Pre-authenticated entry point called. Rejecting access
2025-11-01T18:17:15.958+09:00 DEBUG 13813 --- [http-nio-8080-exec-4] o.s.security.web.FilterChainProxy        : Securing GET /error
2025-11-01T18:17:15.959+09:00 DEBUG 13813 --- [http-nio-8080-exec-4] o.s.s.w.a.AnonymousAuthenticationFilter  : Set SecurityContextHolder to anonymous SecurityContext
2025-11-01T18:17:15.959+09:00 DEBUG 13813 --- [http-nio-8080-exec-4] o.s.s.w.a.Http403ForbiddenEntryPoint     : Pre-authenticated entry point called. Rejecting access
2025-11-01T18:18:12.828+09:00 DEBUG 13813 --- [http-nio-8080-exec-5] o.s.security.web.FilterChainProxy        : Securing GET /coupons/jobs
2025-11-01T18:18:12.829+09:00 DEBUG 13813 --- [http-nio-8080-exec-5] o.s.s.w.a.AnonymousAuthenticationFilter  : Set SecurityContextHolder to anonymous SecurityContext
2025-11-01T18:18:12.829+09:00 DEBUG 13813 --- [http-nio-8080-exec-5] o.s.s.w.a.Http403ForbiddenEntryPoint     : Pre-authenticated entry point called. Rejecting access
2025-11-01T18:18:12.831+09:00 DEBUG 13813 --- [http-nio-8080-exec-5] o.s.security.web.FilterChainProxy        : Securing GET /error
2025-11-01T18:18:12.832+09:00 DEBUG 13813 --- [http-nio-8080-exec-5] o.s.s.w.a.AnonymousAuthenticationFilter  : Set SecurityContextHolder to anonymous SecurityContext
2025-11-01T18:18:12.832+09:00 DEBUG 13813 --- [http-nio-8080-exec-5] o.s.s.w.a.Http403ForbiddenEntryPoint     : Pre-authenticated entry point called. Rejecting access
2025-11-01T18:18:27.614+09:00 DEBUG 13813 --- [http-nio-8080-exec-6] o.s.security.web.FilterChainProxy        : Securing GET /coupons/jobs
2025-11-01T18:18:27.623+09:00 DEBUG 13813 --- [http-nio-8080-exec-6] o.s.security.web.FilterChainProxy        : Secured GET /coupons/jobs
2025-11-01T18:18:38.488+09:00 DEBUG 13813 --- [http-nio-8080-exec-7] o.s.security.web.FilterChainProxy        : Securing GET /main.html
2025-11-01T18:18:38.488+09:00 DEBUG 13813 --- [http-nio-8080-exec-7] o.s.s.w.a.AnonymousAuthenticationFilter  : Set SecurityContextHolder to anonymous SecurityContext
2025-11-01T18:18:38.488+09:00 DEBUG 13813 --- [http-nio-8080-exec-7] o.s.s.w.session.SessionManagementFilter  : Request requested invalid session id 96146680E7D3A902B50B7CE042FB1ED7
2025-11-01T18:18:38.488+09:00 DEBUG 13813 --- [http-nio-8080-exec-7] o.s.s.w.a.Http403ForbiddenEntryPoint     : Pre-authenticated entry point called. Rejecting access
2025-11-01T18:18:38.490+09:00 DEBUG 13813 --- [http-nio-8080-exec-7] o.s.security.web.FilterChainProxy        : Securing GET /error
2025-11-01T18:18:38.491+09:00 DEBUG 13813 --- [http-nio-8080-exec-7] o.s.s.w.a.AnonymousAuthenticationFilter  : Set SecurityContextHolder to anonymous SecurityContext
2025-11-01T18:18:38.491+09:00 DEBUG 13813 --- [http-nio-8080-exec-7] o.s.s.w.a.Http403ForbiddenEntryPoint     : Pre-authenticated entry point called. Rejecting access
2025-11-01T18:18:39.286+09:00 DEBUG 13813 --- [http-nio-8080-exec-8] o.s.security.web.FilterChainProxy        : Securing GET /main.html
2025-11-01T18:18:39.287+09:00 DEBUG 13813 --- [http-nio-8080-exec-8] o.s.s.w.a.AnonymousAuthenticationFilter  : Set SecurityContextHolder to anonymous SecurityContext
2025-11-01T18:18:39.288+09:00 DEBUG 13813 --- [http-nio-8080-exec-8] o.s.s.w.session.SessionManagementFilter  : Request requested invalid session id 96146680E7D3A902B50B7CE042FB1ED7
2025-11-01T18:18:39.288+09:00 DEBUG 13813 --- [http-nio-8080-exec-8] o.s.s.w.a.Http403ForbiddenEntryPoint     : Pre-authenticated entry point called. Rejecting access
2025-11-01T18:18:39.289+09:00 DEBUG 13813 --- [http-nio-8080-exec-8] o.s.security.web.FilterChainProxy        : Securing GET /error
2025-11-01T18:18:39.290+09:00 DEBUG 13813 --- [http-nio-8080-exec-8] o.s.s.w.a.AnonymousAuthenticationFilter  : Set SecurityContextHolder to anonymous SecurityContext
2025-11-01T18:18:39.291+09:00 DEBUG 13813 --- [http-nio-8080-exec-8] o.s.s.w.a.Http403ForbiddenEntryPoint     : Pre-authenticated entry point called. Rejecting access
2025-11-01T18:18:58.359+09:00 DEBUG 13813 --- [http-nio-8080-exec-9] o.s.security.web.FilterChainProxy        : Securing GET /main.html
2025-11-01T18:18:58.360+09:00 DEBUG 13813 --- [http-nio-8080-exec-9] o.s.s.w.a.AnonymousAuthenticationFilter  : Set SecurityContextHolder to anonymous SecurityContext
2025-11-01T18:18:58.360+09:00 DEBUG 13813 --- [http-nio-8080-exec-9] o.s.s.w.session.SessionManagementFilter  : Request requested invalid session id 96146680E7D3A902B50B7CE042FB1ED7
2025-11-01T18:18:58.360+09:00 DEBUG 13813 --- [http-nio-8080-exec-9] o.s.s.w.a.Http403ForbiddenEntryPoint     : Pre-authenticated entry point called. Rejecting access
2025-11-01T18:18:58.361+09:00 DEBUG 13813 --- [http-nio-8080-exec-9] o.s.security.web.FilterChainProxy        : Securing GET /error
2025-11-01T18:18:58.361+09:00 DEBUG 13813 --- [http-nio-8080-exec-9] o.s.s.w.a.AnonymousAuthenticationFilter  : Set SecurityContextHolder to anonymous SecurityContext
2025-11-01T18:18:58.361+09:00 DEBUG 13813 --- [http-nio-8080-exec-9] o.s.s.w.a.Http403ForbiddenEntryPoint     : Pre-authenticated entry point called. Rejecting access
2025-11-01T18:19:01.498+09:00 DEBUG 13813 --- [http-nio-8080-exec-10] o.s.security.web.FilterChainProxy        : Securing GET /index.html
2025-11-01T18:19:01.498+09:00 DEBUG 13813 --- [http-nio-8080-exec-10] o.s.s.w.a.AnonymousAuthenticationFilter  : Set SecurityContextHolder to anonymous SecurityContext
2025-11-01T18:19:01.499+09:00 DEBUG 13813 --- [http-nio-8080-exec-10] o.s.s.w.session.SessionManagementFilter  : Request requested invalid session id 96146680E7D3A902B50B7CE042FB1ED7
2025-11-01T18:19:01.499+09:00 DEBUG 13813 --- [http-nio-8080-exec-10] o.s.security.web.FilterChainProxy        : Secured GET /index.html
2025-11-01T18:19:05.360+09:00 DEBUG 13813 --- [http-nio-8080-exec-1] o.s.security.web.FilterChainProxy        : Securing POST /auth/login
2025-11-01T18:19:05.376+09:00 DEBUG 13813 --- [http-nio-8080-exec-1] o.s.s.w.a.AnonymousAuthenticationFilter  : Set SecurityContextHolder to anonymous SecurityContext
2025-11-01T18:19:05.377+09:00 DEBUG 13813 --- [http-nio-8080-exec-1] o.s.s.w.session.SessionManagementFilter  : Request requested invalid session id 96146680E7D3A902B50B7CE042FB1ED7
2025-11-01T18:19:05.377+09:00 DEBUG 13813 --- [http-nio-8080-exec-1] o.s.security.web.FilterChainProxy        : Secured POST /auth/login
2025-11-01T18:19:06.406+09:00 DEBUG 13813 --- [http-nio-8080-exec-2] o.s.security.web.FilterChainProxy        : Securing GET /main.html
2025-11-01T18:19:06.409+09:00 DEBUG 13813 --- [http-nio-8080-exec-2] o.s.s.w.a.AnonymousAuthenticationFilter  : Set SecurityContextHolder to anonymous SecurityContext
2025-11-01T18:19:06.410+09:00 DEBUG 13813 --- [http-nio-8080-exec-2] o.s.s.w.session.SessionManagementFilter  : Request requested invalid session id 96146680E7D3A902B50B7CE042FB1ED7
2025-11-01T18:19:06.411+09:00 DEBUG 13813 --- [http-nio-8080-exec-2] o.s.s.w.a.Http403ForbiddenEntryPoint     : Pre-authenticated entry point called. Rejecting access
2025-11-01T18:19:06.414+09:00 DEBUG 13813 --- [http-nio-8080-exec-2] o.s.security.web.FilterChainProxy        : Securing GET /error
2025-11-01T18:19:06.414+09:00 DEBUG 13813 --- [http-nio-8080-exec-2] o.s.s.w.a.AnonymousAuthenticationFilter  : Set SecurityContextHolder to anonymous SecurityContext
2025-11-01T18:19:06.415+09:00 DEBUG 13813 --- [http-nio-8080-exec-2] o.s.s.w.a.Http403ForbiddenEntryPoint     : Pre-authenticated entry point called. Rejecting access
2025-11-01T18:22:50.202+09:00  WARN 13813 --- [HikariPool-1:housekeeper] com.zaxxer.hikari.pool.HikariPool        : HikariPool-1 - Thread starvation or clock leap detected (housekeeper delta=55s109ms).
2025-11-01T18:37:18.166+09:00  WARN 13813 --- [HikariPool-1:housekeeper] com.zaxxer.hikari.pool.HikariPool        : HikariPool-1 - Retrograde clock change detected (housekeeper delta=27s860ms), soft-evicting connections from pool.
2025-11-01T18:41:23.437+09:00  INFO 13813 --- [SpringApplicationShutdownHook] o.s.b.w.e.tomcat.GracefulShutdown        : Commencing graceful shutdown. Waiting for active requests to complete
2025-11-01T18:41:23.443+09:00  INFO 13813 --- [tomcat-shutdown] o.s.b.w.e.tomcat.GracefulShutdown        : Graceful shutdown complete
2025-11-01T18:41:23.447+09:00  INFO 13813 --- [SpringApplicationShutdownHook] j.LocalContainerEntityManagerFactoryBean : Closing JPA EntityManagerFactory for persistence unit 'default'
2025-11-01T18:41:23.449+09:00  INFO 13813 --- [SpringApplicationShutdownHook] com.zaxxer.hikari.HikariDataSource       : HikariPool-1 - Shutdown initiated...
2025-11-01T18:41:23.451+09:00  INFO 13813 --- [SpringApplicationShutdownHook] com.zaxxer.hikari.HikariDataSource       : HikariPool-1 - Shutdown completed.
2025-11-01T18:41:24.065+09:00  INFO 14028 --- [main] c.c.s.c.CouponAdminApplication           : Starting CouponAdminApplication using Java 17.0.16 with PID 14028 (/Users/psh/Downloads/coupon-admin/build/classes/java/main started by psh in /Users/psh/Downloads/coupon-admin)
2025-11-01T18:41:24.066+09:00  INFO 14028 --- [main] c.c.s.c.CouponAdminApplication           : The following 1 profile is active: "dev"
2025-11-01T18:41:24.309+09:00  INFO 14028 --- [main] .s.d.r.c.RepositoryConfigurationDelegate : Bootstrapping Spring Data JPA repositories in DEFAULT mode.
2025-11-01T18:41:24.329+09:00  INFO 14028 --- [main] .s.d.r.c.RepositoryConfigurationDelegate : Finished Spring Data repository scanning in 17 ms. Found 3 JPA repository interfaces.
2025-11-01T18:41:24.520+09:00  INFO 14028 --- [main] o.s.b.w.embedded.tomcat.TomcatWebServer  : Tomcat initialized with port 8080 (http)
2025-11-01T18:41:24.525+09:00  INFO 14028 --- [main] o.apache.catalina.core.StandardService   : Starting service [Tomcat]
2025-11-01T18:41:24.525+09:00  INFO 14028 --- [main] o.apache.catalina.core.StandardEngine    : Starting Servlet engine: [Apache Tomcat/10.1.46]
2025-11-01T18:41:24.542+09:00  INFO 14028 --- [main] o.a.c.c.C.[Tomcat].[localhost].[/]       : Initializing Spring embedded WebApplicationContext
2025-11-01T18:41:24.542+09:00  INFO 14028 --- [main] w.s.c.ServletWebServerApplicationContext : Root WebApplicationContext: initialization completed in 462 ms
2025-11-01T18:41:24.609+09:00  INFO 14028 --- [main] o.hibernate.jpa.internal.util.LogHelper  : HHH000204: Processing PersistenceUnitInfo [name: default]
2025-11-01T18:41:24.624+09:00  INFO 14028 --- [main] org.hibernate.Version                    : HHH000412: Hibernate ORM core version 6.6.29.Final
2025-11-01T18:41:24.634+09:00  INFO 14028 --- [main] o.h.c.internal.RegionFactoryInitiator    : HHH000026: Second-level cache disabled
2025-11-01T18:41:24.723+09:00  INFO 14028 --- [main] o.s.o.j.p.SpringPersistenceUnitInfo      : No LoadTimeWeaver setup: ignoring JPA class transformer
2025-11-01T18:41:24.732+09:00  INFO 14028 --- [main] com.zaxxer.hikari.HikariDataSource       : HikariPool-1 - Starting...
2025-11-01T18:41:24.849+09:00  INFO 14028 --- [main] com.zaxxer.hikari.pool.HikariPool        : HikariPool-1 - Added connection com.mysql.cj.jdbc.ConnectionImpl@106459d9
2025-11-01T18:41:24.849+09:00  INFO 14028 --- [main] com.zaxxer.hikari.HikariDataSource       : HikariPool-1 - Start completed.
2025-11-01T18:41:24.867+09:00  WARN 14028 --- [main] org.hibernate.orm.deprecation            : HHH90000025: MySQL8Dialect does not need to be specified explicitly using 'hibernate.dialect' (remove the property setting and it will be selected by default)
2025-11-01T18:41:24.867+09:00  WARN 14028 --- [main] org.hibernate.orm.deprecation            : HHH90000026: MySQL8Dialect has been deprecated; use org.hibernate.dialect.MySQLDialect instead
2025-11-01T18:41:24.874+09:00  INFO 14028 --- [main] org.hibernate.orm.connections.pooling    : HHH10001005: Database info:
	Database JDBC URL [Connecting through datasource 'HikariDataSource (HikariPool-1)']
	Database driver: undefined/unknown
	Database version: 8.0
	Autocommit mode: undefined/unknown
	Isolation level: undefined/unknown
	Minimum pool size: undefined/unknown
	Maximum pool size: undefined/unknown
2025-11-01T18:41:25.155+09:00  INFO 14028 --- [main] o.h.e.t.j.p.i.JtaPlatformInitiator       : HHH000489: No JTA platform available (set 'hibernate.transaction.jta.platform' to enable JTA platform integration)
2025-11-01T18:41:25.156+09:00  INFO 14028 --- [main] j.LocalContainerEntityManagerFactoryBean : Initialized JPA EntityManagerFactory for persistence unit 'default'
2025-11-01T18:41:25.305+09:00  WARN 14028 --- [main] JpaBaseConfiguration$JpaWebConfiguration : spring.jpa.open-in-view is enabled by default. Therefore, database queries may be performed during view rendering. Explicitly configure spring.jpa.open-in-view to disable this warning
2025-11-01T18:41:25.317+09:00  INFO 14028 --- [main] o.s.b.a.w.s.WelcomePageHandlerMapping    : Adding welcome page: class path resource [static/index.html]
2025-11-01T18:41:25.389+09:00 DEBUG 14028 --- [main] swordEncoderAuthenticationManagerBuilder : No authenticationProviders and no parentAuthenticationManager defined. Returning null.
2025-11-01T18:41:25.424+09:00 DEBUG 14028 --- [main] o.s.s.web.DefaultSecurityFilterChain     : Will secure any request with filters: DisableEncodeUrlFilter, WebAsyncManagerIntegrationFilter, SecurityContextHolderFilter, HeaderWriterFilter, CorsFilter, LogoutFilter, JwtAuthenticationFilter, RequestCacheAwareFilter, SecurityContextHolderAwareRequestFilter, AnonymousAuthenticationFilter, SessionManagementFilter, ExceptionTranslationFilter, AuthorizationFilter
2025-11-01T18:41:25.508+09:00  INFO 14028 --- [main] o.s.b.w.embedded.tomcat.TomcatWebServer  : Tomcat started on port 8080 (http) with context path '/'
2025-11-01T18:41:25.513+09:00  INFO 14028 --- [main] c.c.s.c.CouponAdminApplication           : Started CouponAdminApplication in 1.657 seconds (process running for 1.777)
2025-11-01T18:41:31.513+09:00  INFO 14028 --- [http-nio-8080-exec-1] o.a.c.c.C.[Tomcat].[localhost].[/]       : Initializing Spring DispatcherServlet 'dispatcherServlet'
2025-11-01T18:41:31.513+09:00  INFO 14028 --- [http-nio-8080-exec-1] o.s.web.servlet.DispatcherServlet        : Initializing Servlet 'dispatcherServlet'
2025-11-01T18:41:31.514+09:00  INFO 14028 --- [http-nio-8080-exec-1] o.s.web.servlet.DispatcherServlet        : Completed initialization in 1 ms
2025-11-01T18:41:31.520+09:00 DEBUG 14028 --- [http-nio-8080-exec-1] o.s.security.web.FilterChainProxy        : Securing GET /index.html
2025-11-01T18:41:31.523+09:00 DEBUG 14028 --- [http-nio-8080-exec-1] o.s.s.w.a.AnonymousAuthenticationFilter  : Set SecurityContextHolder to anonymous SecurityContext
2025-11-01T18:41:31.523+09:00 DEBUG 14028 --- [http-nio-8080-exec-1] o.s.s.w.session.SessionManagementFilter  : Request requested invalid session id 96146680E7D3A902B50B7CE042FB1ED7
2025-11-01T18:41:31.524+09:00 DEBUG 14028 --- [http-nio-8080-exec-1] o.s.security.web.FilterChainProxy        : Secured GET /index.html
2025-11-01T18:41:35.262+09:00 DEBUG 14028 --- [http-nio-8080-exec-2] o.s.security.web.FilterChainProxy        : Securing POST /auth/login
2025-11-01T18:41:35.277+09:00 DEBUG 14028 --- [http-nio-8080-exec-2] o.s.s.w.a.AnonymousAuthenticationFilter  : Set SecurityContextHolder to anonymous SecurityContext
2025-11-01T18:41:35.277+09:00 DEBUG 14028 --- [http-nio-8080-exec-2] o.s.s.w.session.SessionManagementFilter  : Request requested invalid session id 96146680E7D3A902B50B7CE042FB1ED7
2025-11-01T18:41:35.278+09:00 DEBUG 14028 --- [http-nio-8080-exec-2] o.s.security.web.FilterChainProxy        : Secured POST /auth/login
2025-11-01T18:41:36.420+09:00 DEBUG 14028 --- [http-nio-8080-exec-3] o.s.security.web.FilterChainProxy        : Securing GET /main.html
2025-11-01T18:41:36.422+09:00 DEBUG 14028 --- [http-nio-8080-exec-3] o.s.s.w.a.AnonymousAuthenticationFilter  : Set SecurityContextHolder to anonymous SecurityContext
2025-11-01T18:41:36.424+09:00 DEBUG 14028 --- [http-nio-8080-exec-3] o.s.s.w.session.SessionManagementFilter  : Request requested invalid session id 96146680E7D3A902B50B7CE042FB1ED7
2025-11-01T18:41:36.427+09:00 DEBUG 14028 --- [http-nio-8080-exec-3] o.s.s.w.a.Http403ForbiddenEntryPoint     : Pre-authenticated entry point called. Rejecting access
2025-11-01T18:41:36.437+09:00 DEBUG 14028 --- [http-nio-8080-exec-3] o.s.security.web.FilterChainProxy        : Securing GET /error
2025-11-01T18:41:36.438+09:00 DEBUG 14028 --- [http-nio-8080-exec-3] o.s.s.w.a.AnonymousAuthenticationFilter  : Set SecurityContextHolder to anonymous SecurityContext
2025-11-01T18:41:36.438+09:00 DEBUG 14028 --- [http-nio-8080-exec-3] o.s.s.w.a.Http403ForbiddenEntryPoint     : Pre-authenticated entry point called. Rejecting access
2025-11-01T18:51:01.055+09:00  INFO 14028 --- [SpringApplicationShutdownHook] o.s.b.w.e.tomcat.GracefulShutdown        : Commencing graceful shutdown. Waiting for active requests to complete
2025-11-01T18:51:01.059+09:00  INFO 14028 --- [tomcat-shutdown] o.s.b.w.e.tomcat.GracefulShutdown        : Graceful shutdown complete
2025-11-01T18:51:01.064+09:00  INFO 14028 --- [SpringApplicationShutdownHook] j.LocalContainerEntityManagerFactoryBean : Closing JPA EntityManagerFactory for persistence unit 'default'
2025-11-01T18:51:01.066+09:00  INFO 14028 --- [SpringApplicationShutdownHook] com.zaxxer.hikari.HikariDataSource       : HikariPool-1 - Shutdown initiated...
2025-11-01T18:51:01.071+09:00  INFO 14028 --- [SpringApplicationShutdownHook] com.zaxxer.hikari.HikariDataSource       : HikariPool-1 - Shutdown completed.
2025-11-01T18:51:01.841+09:00  INFO 14096 --- [main] c.c.s.c.CouponAdminApplication           : Starting CouponAdminApplication using Java 17.0.16 with PID 14096 (/Users/psh/Downloads/coupon-admin/build/classes/java/main started by psh in /Users/psh/Downloads/coupon-admin)
2025-11-01T18:51:01.841+09:00  INFO 14096 --- [main] c.c.s.c.CouponAdminApplication           : The following 1 profile is active: "dev"
2025-11-01T18:51:02.078+09:00  INFO 14096 --- [main] .s.d.r.c.RepositoryConfigurationDelegate : Bootstrapping Spring Data JPA repositories in DEFAULT mode.
2025-11-01T18:51:02.100+09:00  INFO 14096 --- [main] .s.d.r.c.RepositoryConfigurationDelegate : Finished Spring Data repository scanning in 18 ms. Found 3 JPA repository interfaces.
2025-11-01T18:51:02.372+09:00  INFO 14096 --- [main] o.s.b.w.embedded.tomcat.TomcatWebServer  : Tomcat initialized with port 8080 (http)
2025-11-01T18:51:02.380+09:00  INFO 14096 --- [main] o.apache.catalina.core.StandardService   : Starting service [Tomcat]
2025-11-01T18:51:02.380+09:00  INFO 14096 --- [main] o.apache.catalina.core.StandardEngine    : Starting Servlet engine: [Apache Tomcat/10.1.46]
2025-11-01T18:51:02.405+09:00  INFO 14096 --- [main] o.a.c.c.C.[Tomcat].[localhost].[/]       : Initializing Spring embedded WebApplicationContext
2025-11-01T18:51:02.405+09:00  INFO 14096 --- [main] w.s.c.ServletWebServerApplicationContext : Root WebApplicationContext: initialization completed in 550 ms
2025-11-01T18:51:02.479+09:00  INFO 14096 --- [main] o.hibernate.jpa.internal.util.LogHelper  : HHH000204: Processing PersistenceUnitInfo [name: default]
2025-11-01T18:51:02.495+09:00  INFO 14096 --- [main] org.hibernate.Version                    : HHH000412: Hibernate ORM core version 6.6.29.Final
2025-11-01T18:51:02.505+09:00  INFO 14096 --- [main] o.h.c.internal.RegionFactoryInitiator    : HHH000026: Second-level cache disabled
2025-11-01T18:51:02.590+09:00  INFO 14096 --- [main] o.s.o.j.p.SpringPersistenceUnitInfo      : No LoadTimeWeaver setup: ignoring JPA class transformer
2025-11-01T18:51:02.599+09:00  INFO 14096 --- [main] com.zaxxer.hikari.HikariDataSource       : HikariPool-1 - Starting...
2025-11-01T18:51:02.715+09:00  INFO 14096 --- [main] com.zaxxer.hikari.pool.HikariPool        : HikariPool-1 - Added connection com.mysql.cj.jdbc.ConnectionImpl@12166229
2025-11-01T18:51:02.716+09:00  INFO 14096 --- [main] com.zaxxer.hikari.HikariDataSource       : HikariPool-1 - Start completed.
2025-11-01T18:51:02.734+09:00  WARN 14096 --- [main] org.hibernate.orm.deprecation            : HHH90000025: MySQL8Dialect does not need to be specified explicitly using 'hibernate.dialect' (remove the property setting and it will be selected by default)
2025-11-01T18:51:02.734+09:00  WARN 14096 --- [main] org.hibernate.orm.deprecation            : HHH90000026: MySQL8Dialect has been deprecated; use org.hibernate.dialect.MySQLDialect instead
2025-11-01T18:51:02.742+09:00  INFO 14096 --- [main] org.hibernate.orm.connections.pooling    : HHH10001005: Database info:
	Database JDBC URL [Connecting through datasource 'HikariDataSource (HikariPool-1)']
	Database driver: undefined/unknown
	Database version: 8.0
	Autocommit mode: undefined/unknown
	Isolation level: undefined/unknown
	Minimum pool size: undefined/unknown
	Maximum pool size: undefined/unknown
2025-11-01T18:51:03.022+09:00  INFO 14096 --- [main] o.h.e.t.j.p.i.JtaPlatformInitiator       : HHH000489: No JTA platform available (set 'hibernate.transaction.jta.platform' to enable JTA platform integration)
2025-11-01T18:51:03.023+09:00  INFO 14096 --- [main] j.LocalContainerEntityManagerFactoryBean : Initialized JPA EntityManagerFactory for persistence unit 'default'
2025-11-01T18:51:03.169+09:00  WARN 14096 --- [main] JpaBaseConfiguration$JpaWebConfiguration : spring.jpa.open-in-view is enabled by default. Therefore, database queries may be performed during view rendering. Explicitly configure spring.jpa.open-in-view to disable this warning
2025-11-01T18:51:03.181+09:00  INFO 14096 --- [main] o.s.b.a.w.s.WelcomePageHandlerMapping    : Adding welcome page: class path resource [static/index.html]
2025-11-01T18:51:03.244+09:00 DEBUG 14096 --- [main] swordEncoderAuthenticationManagerBuilder : No authenticationProviders and no parentAuthenticationManager defined. Returning null.
2025-11-01T18:51:03.276+09:00 DEBUG 14096 --- [main] o.s.s.web.DefaultSecurityFilterChain     : Will secure any request with filters: DisableEncodeUrlFilter, WebAsyncManagerIntegrationFilter, SecurityContextHolderFilter, HeaderWriterFilter, CorsFilter, LogoutFilter, JwtAuthenticationFilter, RequestCacheAwareFilter, SecurityContextHolderAwareRequestFilter, AnonymousAuthenticationFilter, SessionManagementFilter, ExceptionTranslationFilter, AuthorizationFilter
2025-11-01T18:51:03.356+09:00  INFO 14096 --- [main] o.s.b.w.embedded.tomcat.TomcatWebServer  : Tomcat started on port 8080 (http) with context path '/'
2025-11-01T18:51:03.360+09:00  INFO 14096 --- [main] c.c.s.c.CouponAdminApplication           : Started CouponAdminApplication in 1.714 seconds (process running for 1.835)
2025-11-01T18:51:12.540+09:00  INFO 14096 --- [http-nio-8080-exec-1] o.a.c.c.C.[Tomcat].[localhost].[/]       : Initializing Spring DispatcherServlet 'dispatcherServlet'
2025-11-01T18:51:12.540+09:00  INFO 14096 --- [http-nio-8080-exec-1] o.s.web.servlet.DispatcherServlet        : Initializing Servlet 'dispatcherServlet'
2025-11-01T18:51:12.541+09:00  INFO 14096 --- [http-nio-8080-exec-1] o.s.web.servlet.DispatcherServlet        : Completed initialization in 1 ms
2025-11-01T18:51:12.549+09:00 DEBUG 14096 --- [http-nio-8080-exec-1] o.s.security.web.FilterChainProxy        : Securing GET /index.html
2025-11-01T18:51:12.552+09:00 DEBUG 14096 --- [http-nio-8080-exec-1] o.s.s.w.a.AnonymousAuthenticationFilter  : Set SecurityContextHolder to anonymous SecurityContext
2025-11-01T18:51:12.552+09:00 DEBUG 14096 --- [http-nio-8080-exec-1] o.s.s.w.session.SessionManagementFilter  : Request requested invalid session id 96146680E7D3A902B50B7CE042FB1ED7
2025-11-01T18:51:12.553+09:00 DEBUG 14096 --- [http-nio-8080-exec-1] o.s.security.web.FilterChainProxy        : Secured GET /index.html
2025-11-01T18:51:16.342+09:00 DEBUG 14096 --- [http-nio-8080-exec-2] o.s.security.web.FilterChainProxy        : Securing POST /auth/login
2025-11-01T18:51:16.357+09:00 DEBUG 14096 --- [http-nio-8080-exec-2] o.s.s.w.a.AnonymousAuthenticationFilter  : Set SecurityContextHolder to anonymous SecurityContext
2025-11-01T18:51:16.358+09:00 DEBUG 14096 --- [http-nio-8080-exec-2] o.s.s.w.session.SessionManagementFilter  : Request requested invalid session id 96146680E7D3A902B50B7CE042FB1ED7
2025-11-01T18:51:16.358+09:00 DEBUG 14096 --- [http-nio-8080-exec-2] o.s.security.web.FilterChainProxy        : Secured POST /auth/login
2025-11-01T18:51:17.504+09:00 DEBUG 14096 --- [http-nio-8080-exec-3] o.s.security.web.FilterChainProxy        : Securing GET /main.html
2025-11-01T18:51:17.506+09:00 DEBUG 14096 --- [http-nio-8080-exec-3] o.s.s.w.a.AnonymousAuthenticationFilter  : Set SecurityContextHolder to anonymous SecurityContext
2025-11-01T18:51:17.506+09:00 DEBUG 14096 --- [http-nio-8080-exec-3] o.s.s.w.session.SessionManagementFilter  : Request requested invalid session id 96146680E7D3A902B50B7CE042FB1ED7
2025-11-01T18:51:17.508+09:00 DEBUG 14096 --- [http-nio-8080-exec-3] o.s.security.web.FilterChainProxy        : Secured GET /main.html
2025-11-01T18:51:17.529+09:00 DEBUG 14096 --- [http-nio-8080-exec-4] o.s.security.web.FilterChainProxy        : Securing GET /coupons/jobs
2025-11-01T18:51:17.549+09:00 DEBUG 14096 --- [http-nio-8080-exec-4] o.s.security.web.FilterChainProxy        : Secured GET /coupons/jobs
2025-11-01T18:51:33.727+09:00 DEBUG 14096 --- [http-nio-8080-exec-5] o.s.security.web.FilterChainProxy        : Securing POST /coupons/jobs
2025-11-01T18:51:33.735+09:00 DEBUG 14096 --- [http-nio-8080-exec-5] o.s.security.web.FilterChainProxy        : Secured POST /coupons/jobs
2025-11-01T18:51:33.794+09:00  INFO 14096 --- [http-nio-8080-exec-5] c.c.s.c.s.coupon.CouponIssuanceService   : Job ID 8:   
2025-11-01T18:51:33.794+09:00  INFO 14096 --- [http-nio-8080-exec-5] c.c.s.c.s.coupon.CouponIssuanceService   : Job ID 8 .  5  .
2025-11-01T18:51:33.807+09:00 DEBUG 14096 --- [http-nio-8080-exec-6] o.s.security.web.FilterChainProxy        : Securing GET /coupons/jobs
2025-11-01T18:51:33.808+09:00 DEBUG 14096 --- [http-nio-8080-exec-6] o.s.security.web.FilterChainProxy        : Secured GET /coupons/jobs
2025-11-01T18:51:42.030+09:00 DEBUG 14096 --- [http-nio-8080-exec-7] o.s.security.web.FilterChainProxy        : Securing GET /coupons/jobs/8/file
2025-11-01T18:51:42.039+09:00 DEBUG 14096 --- [http-nio-8080-exec-7] o.s.security.web.FilterChainProxy        : Secured GET /coupons/jobs/8/file
